<?xml version="1.0" ?>
<!DOCTYPE coverage SYSTEM "https://cobertura.sourceforge.net/xml/coverage-04.dtd">
<coverage branch-rate="0" branches-covered="0" branches-valid="0" complexity="0" line-rate="0.3453145057766367" lines-covered="538" lines-valid="1558" timestamp="1761759836" version="2.0.3">
    <sources>
        <source>D:\a\csshw\csshw</source>
    </sources>
    <packages>
        <package line-rate="0.07832422586520947" branch-rate="0" name="src.daemon" complexity="0">
            <classes>
                <class branch-rate="0" complexity="0" filename="src\daemon\mod.rs" line-rate="0.08097928436911488" name="src.daemon.mod.rs">
                    <methods>
                        <method name="&lt;csshw_lib::daemon::Daemon&gt;::run::{closure#0}::{closure#0}::{closure#0}" signature="" complexity="0" line-rate="0" branch-rate="0">
                            <lines>
                                <line hits="0" number="246" branch="false"/>
                            </lines>
                        </method>
                        <method name="&lt;csshw_lib::daemon::Daemon&gt;::handle_input_record::{closure#0}::{closure#0}" signature="" complexity="0" line-rate="0" branch-rate="0">
                            <lines>
                                <line hits="0" number="399" branch="false"/>
                            </lines>
                        </method>
                        <method name="&lt;csshw_lib::daemon::Daemon&gt;::handle_input_record::{closure#0}::{closure#2}" signature="" complexity="0" line-rate="0" branch-rate="0">
                            <lines>
                                <line hits="0" number="445" branch="false"/>
                            </lines>
                        </method>
                        <method name="&lt;csshw_lib::daemon::Daemon&gt;::handle_input_record::{closure#0}::{closure#1}" signature="" complexity="0" line-rate="0" branch-rate="0">
                            <lines>
                                <line hits="0" number="403" branch="false"/>
                            </lines>
                        </method>
                        <method name="&lt;csshw_lib::daemon::Daemon&gt;::run::{closure#0}::{closure#0}" signature="" complexity="0" line-rate="0" branch-rate="0">
                            <lines>
                                <line hits="0" number="244" branch="false"/>
                            </lines>
                        </method>
                        <method name="csshw_lib::daemon::launch_clients::{closure#0}::{closure#0}" signature="" complexity="0" line-rate="0" branch-rate="0">
                            <lines>
                                <line hits="0" number="669" branch="false"/>
                            </lines>
                        </method>
                        <method name="csshw_lib::daemon::named_pipe_server_routine::{closure#0}::{closure#0}" signature="" complexity="0" line-rate="0" branch-rate="0">
                            <lines>
                                <line hits="0" number="796" branch="false"/>
                            </lines>
                        </method>
                        <method name="csshw_lib::daemon::named_pipe_server_routine::{closure#0}::{closure#1}" signature="" complexity="0" line-rate="0" branch-rate="0">
                            <lines>
                                <line hits="0" number="824" branch="false"/>
                            </lines>
                        </method>
                        <method name="csshw_lib::daemon::ensure_client_z_order_in_sync_with_daemon::{closure#0}::{closure#0}" signature="" complexity="0" line-rate="0" branch-rate="0">
                            <lines>
                                <line hits="0" number="1031" branch="false"/>
                            </lines>
                        </method>
                        <method name="&lt;csshw_lib::daemon::Daemon&gt;::handle_input_record::{closure#0}" signature="" complexity="0" line-rate="0" branch-rate="0">
                            <lines>
                                <line hits="0" number="358" branch="false"/>
                            </lines>
                        </method>
                        <method name="&lt;csshw_lib::daemon::Daemon&gt;::launch_named_pipe_server::{closure#0}" signature="" complexity="0" line-rate="0" branch-rate="0">
                            <lines>
                                <line hits="0" number="313" branch="false"/>
                            </lines>
                        </method>
                        <method name="&lt;csshw_lib::daemon::Daemon&gt;::launch_named_pipe_server::{closure#1}" signature="" complexity="0" line-rate="0" branch-rate="0">
                            <lines>
                                <line hits="0" number="318" branch="false"/>
                            </lines>
                        </method>
                        <method name="&lt;csshw_lib::daemon::Daemon&gt;::run::{closure#0}" signature="" complexity="0" line-rate="0" branch-rate="0">
                            <lines>
                                <line hits="0" number="236" branch="false"/>
                            </lines>
                        </method>
                        <method name="&lt;csshw_lib::daemon::Daemon&gt;::launch::{closure#0}" signature="" complexity="0" line-rate="0" branch-rate="0">
                            <lines>
                                <line hits="0" number="170" branch="false"/>
                            </lines>
                        </method>
                        <method name="csshw_lib::daemon::launch_clients::{closure#0}" signature="" complexity="0" line-rate="0" branch-rate="0">
                            <lines>
                                <line hits="0" number="659" branch="false"/>
                            </lines>
                        </method>
                        <method name="csshw_lib::daemon::resolve_cluster_tags::{closure#0}" signature="" complexity="0" line-rate="1" branch-rate="1">
                            <lines>
                                <line hits="6" number="615" branch="false"/>
                            </lines>
                        </method>
                        <method name="csshw_lib::daemon::arrange_client_window::{closure#0}" signature="" complexity="0" line-rate="0" branch-rate="0">
                            <lines>
                                <line hits="0" number="889" branch="false"/>
                            </lines>
                        </method>
                        <method name="csshw_lib::daemon::arrange_client_window::{closure#1}" signature="" complexity="0" line-rate="0" branch-rate="0">
                            <lines>
                                <line hits="0" number="893" branch="false"/>
                            </lines>
                        </method>
                        <method name="csshw_lib::daemon::launch_client_console::{closure#0}" signature="" complexity="0" line-rate="0" branch-rate="0">
                            <lines>
                                <line hits="0" number="756" branch="false"/>
                            </lines>
                        </method>
                        <method name="csshw_lib::daemon::named_pipe_server_routine::{closure#0}" signature="" complexity="0" line-rate="1" branch-rate="1">
                            <lines>
                                <line hits="2" number="794" branch="false"/>
                            </lines>
                        </method>
                        <method name="csshw_lib::daemon::ensure_client_z_order_in_sync_with_daemon::{closure#0}" signature="" complexity="0" line-rate="0" branch-rate="0">
                            <lines>
                                <line hits="0" number="1021" branch="false"/>
                            </lines>
                        </method>
                        <method name="csshw_lib::daemon::main::{closure#0}" signature="" complexity="0" line-rate="0" branch-rate="0">
                            <lines>
                                <line hits="0" number="1116" branch="false"/>
                            </lines>
                        </method>
                        <method name="&lt;csshw_lib::daemon::Daemon&gt;::quit_control_mode" signature="" complexity="0" line-rate="0" branch-rate="0">
                            <lines>
                                <line hits="0" number="500" branch="false"/>
                            </lines>
                        </method>
                        <method name="&lt;csshw_lib::daemon::Daemon&gt;::print_instructions" signature="" complexity="0" line-rate="0" branch-rate="0">
                            <lines>
                                <line hits="0" number="506" branch="false"/>
                            </lines>
                        </method>
                        <method name="&lt;csshw_lib::daemon::Daemon&gt;::handle_input_record" signature="" complexity="0" line-rate="0" branch-rate="0">
                            <lines>
                                <line hits="0" number="351" branch="false"/>
                            </lines>
                        </method>
                        <method name="&lt;csshw_lib::daemon::Daemon&gt;::arrange_daemon_console" signature="" complexity="0" line-rate="0" branch-rate="0">
                            <lines>
                                <line hits="0" number="562" branch="false"/>
                            </lines>
                        </method>
                        <method name="&lt;csshw_lib::daemon::Daemon&gt;::control_mode_is_active" signature="" complexity="0" line-rate="0" branch-rate="0">
                            <lines>
                                <line hits="0" number="479" branch="false"/>
                            </lines>
                        </method>
                        <method name="&lt;csshw_lib::daemon::Daemon&gt;::launch_named_pipe_server" signature="" complexity="0" line-rate="0" branch-rate="0">
                            <lines>
                                <line hits="0" number="304" branch="false"/>
                            </lines>
                        </method>
                        <method name="&lt;csshw_lib::daemon::Daemon&gt;::rearrange_client_windows" signature="" complexity="0" line-rate="0" branch-rate="0">
                            <lines>
                                <line hits="0" number="528" branch="false"/>
                            </lines>
                        </method>
                        <method name="&lt;csshw_lib::daemon::Daemon&gt;::launch_named_pipe_servers" signature="" complexity="0" line-rate="0" branch-rate="0">
                            <lines>
                                <line hits="0" number="284" branch="false"/>
                            </lines>
                        </method>
                        <method name="&lt;csshw_lib::daemon::Daemon&gt;::run" signature="" complexity="0" line-rate="0" branch-rate="0">
                            <lines>
                                <line hits="0" number="232" branch="false"/>
                            </lines>
                        </method>
                        <method name="&lt;csshw_lib::daemon::Daemon&gt;::launch" signature="" complexity="0" line-rate="0" branch-rate="0">
                            <lines>
                                <line hits="0" number="170" branch="false"/>
                            </lines>
                        </method>
                        <method name="csshw_lib::daemon::focus_window" signature="" complexity="0" line-rate="0" branch-rate="0">
                            <lines>
                                <line hits="0" number="1081" branch="false"/>
                            </lines>
                        </method>
                        <method name="csshw_lib::daemon::defer_windows" signature="" complexity="0" line-rate="0" branch-rate="0">
                            <lines>
                                <line hits="0" number="1056" branch="false"/>
                            </lines>
                        </method>
                        <method name="csshw_lib::daemon::launch_clients" signature="" complexity="0" line-rate="0" branch-rate="0">
                            <lines>
                                <line hits="0" number="651" branch="false"/>
                            </lines>
                        </method>
                        <method name="csshw_lib::daemon::get_console_rect" signature="" complexity="0" line-rate="0" branch-rate="0">
                            <lines>
                                <line hits="0" number="988" branch="false"/>
                            </lines>
                        </method>
                        <method name="csshw_lib::daemon::resolve_cluster_tags" signature="" complexity="0" line-rate="1" branch-rate="1">
                            <lines>
                                <line hits="6" number="606" branch="false"/>
                            </lines>
                        </method>
                        <method name="csshw_lib::daemon::arrange_client_window" signature="" complexity="0" line-rate="0" branch-rate="0">
                            <lines>
                                <line hits="0" number="871" branch="false"/>
                            </lines>
                        </method>
                        <method name="csshw_lib::daemon::launch_client_console" signature="" complexity="0" line-rate="0" branch-rate="0">
                            <lines>
                                <line hits="0" number="721" branch="false"/>
                            </lines>
                        </method>
                        <method name="csshw_lib::daemon::named_pipe_server_routine" signature="" complexity="0" line-rate="1" branch-rate="1">
                            <lines>
                                <line hits="2" number="791" branch="false"/>
                            </lines>
                        </method>
                        <method name="csshw_lib::daemon::get_console_window_wrapper" signature="" complexity="0" line-rate="0" branch-rate="0">
                            <lines>
                                <line hits="0" number="108" branch="false"/>
                            </lines>
                        </method>
                        <method name="csshw_lib::daemon::toggle_processed_input_mode" signature="" complexity="0" line-rate="0" branch-rate="0">
                            <lines>
                                <line hits="0" number="582" branch="false"/>
                            </lines>
                        </method>
                        <method name="csshw_lib::daemon::get_foreground_window_wrapper" signature="" complexity="0" line-rate="0" branch-rate="0">
                            <lines>
                                <line hits="0" number="118" branch="false"/>
                            </lines>
                        </method>
                        <method name="csshw_lib::daemon::determine_client_spatial_attributes" signature="" complexity="0" line-rate="0" branch-rate="0">
                            <lines>
                                <line hits="0" number="918" branch="false"/>
                            </lines>
                        </method>
                        <method name="csshw_lib::daemon::ensure_client_z_order_in_sync_with_daemon" signature="" complexity="0" line-rate="0" branch-rate="0">
                            <lines>
                                <line hits="0" number="1020" branch="false"/>
                            </lines>
                        </method>
                        <method name="csshw_lib::daemon::main" signature="" complexity="0" line-rate="0" branch-rate="0">
                            <lines>
                                <line hits="0" number="1109" branch="false"/>
                            </lines>
                        </method>
                        <method name="&lt;csshw_lib::daemon::HWNDWrapper as core::cmp::PartialEq&gt;::eq" signature="" complexity="0" line-rate="1" branch-rate="1">
                            <lines>
                                <line hits="2" number="99" branch="false"/>
                            </lines>
                        </method>
                    </methods>
                    <lines>
                        <line branch="false" hits="2" number="99"/>
                        <line branch="false" hits="2" number="100"/>
                        <line branch="false" hits="2" number="101"/>
                        <line branch="false" hits="0" number="108"/>
                        <line branch="false" hits="0" number="109"/>
                        <line branch="false" hits="0" number="110"/>
                        <line branch="false" hits="0" number="111"/>
                        <line branch="false" hits="0" number="112"/>
                        <line branch="false" hits="0" number="118"/>
                        <line branch="false" hits="0" number="119"/>
                        <line branch="false" hits="0" number="120"/>
                        <line branch="false" hits="0" number="121"/>
                        <line branch="false" hits="0" number="122"/>
                        <line branch="false" hits="0" number="170"/>
                        <line branch="false" hits="0" number="171"/>
                        <line branch="false" hits="0" number="172"/>
                        <line branch="false" hits="0" number="173"/>
                        <line branch="false" hits="0" number="175"/>
                        <line branch="false" hits="0" number="178"/>
                        <line branch="false" hits="0" number="180"/>
                        <line branch="false" hits="0" number="182"/>
                        <line branch="false" hits="0" number="185"/>
                        <line branch="false" hits="0" number="187"/>
                        <line branch="false" hits="0" number="188"/>
                        <line branch="false" hits="0" number="189"/>
                        <line branch="false" hits="0" number="190"/>
                        <line branch="false" hits="0" number="191"/>
                        <line branch="false" hits="0" number="192"/>
                        <line branch="false" hits="0" number="193"/>
                        <line branch="false" hits="0" number="194"/>
                        <line branch="false" hits="0" number="195"/>
                        <line branch="false" hits="0" number="196"/>
                        <line branch="false" hits="0" number="197"/>
                        <line branch="false" hits="0" number="201"/>
                        <line branch="false" hits="0" number="202"/>
                        <line branch="false" hits="0" number="203"/>
                        <line branch="false" hits="0" number="205"/>
                        <line branch="false" hits="0" number="206"/>
                        <line branch="false" hits="0" number="207"/>
                        <line branch="false" hits="0" number="232"/>
                        <line branch="false" hits="0" number="233"/>
                        <line branch="false" hits="0" number="234"/>
                        <line branch="false" hits="0" number="235"/>
                        <line branch="false" hits="0" number="236"/>
                        <line branch="false" hits="0" number="237"/>
                        <line branch="false" hits="0" number="238"/>
                        <line branch="false" hits="0" number="240"/>
                        <line branch="false" hits="0" number="243"/>
                        <line branch="false" hits="0" number="244"/>
                        <line branch="false" hits="0" number="246"/>
                        <line branch="false" hits="0" number="247"/>
                        <line branch="false" hits="0" number="248"/>
                        <line branch="false" hits="0" number="249"/>
                        <line branch="false" hits="0" number="250"/>
                        <line branch="false" hits="0" number="251"/>
                        <line branch="false" hits="0" number="253"/>
                        <line branch="false" hits="0" number="254"/>
                        <line branch="false" hits="0" number="255"/>
                        <line branch="false" hits="0" number="259"/>
                        <line branch="false" hits="0" number="262"/>
                        <line branch="false" hits="0" number="263"/>
                        <line branch="false" hits="0" number="264"/>
                        <line branch="false" hits="0" number="265"/>
                        <line branch="false" hits="0" number="266"/>
                        <line branch="false" hits="0" number="267"/>
                        <line branch="false" hits="0" number="268"/>
                        <line branch="false" hits="0" number="269"/>
                        <line branch="false" hits="0" number="284"/>
                        <line branch="false" hits="0" number="285"/>
                        <line branch="false" hits="0" number="286"/>
                        <line branch="false" hits="0" number="287"/>
                        <line branch="false" hits="0" number="288"/>
                        <line branch="false" hits="0" number="289"/>
                        <line branch="false" hits="0" number="290"/>
                        <line branch="false" hits="0" number="291"/>
                        <line branch="false" hits="0" number="292"/>
                        <line branch="false" hits="0" number="293"/>
                        <line branch="false" hits="0" number="304"/>
                        <line branch="false" hits="0" number="305"/>
                        <line branch="false" hits="0" number="306"/>
                        <line branch="false" hits="0" number="307"/>
                        <line branch="false" hits="0" number="308"/>
                        <line branch="false" hits="0" number="309"/>
                        <line branch="false" hits="0" number="310"/>
                        <line branch="false" hits="0" number="311"/>
                        <line branch="false" hits="0" number="312"/>
                        <line branch="false" hits="0" number="313"/>
                        <line branch="false" hits="0" number="314"/>
                        <line branch="false" hits="0" number="315"/>
                        <line branch="false" hits="0" number="317"/>
                        <line branch="false" hits="0" number="318"/>
                        <line branch="false" hits="0" number="319"/>
                        <line branch="false" hits="0" number="320"/>
                        <line branch="false" hits="0" number="321"/>
                        <line branch="false" hits="0" number="351"/>
                        <line branch="false" hits="0" number="352"/>
                        <line branch="false" hits="0" number="353"/>
                        <line branch="false" hits="0" number="354"/>
                        <line branch="false" hits="0" number="355"/>
                        <line branch="false" hits="0" number="356"/>
                        <line branch="false" hits="0" number="357"/>
                        <line branch="false" hits="0" number="358"/>
                        <line branch="false" hits="0" number="359"/>
                        <line branch="false" hits="0" number="360"/>
                        <line branch="false" hits="0" number="361"/>
                        <line branch="false" hits="0" number="362"/>
                        <line branch="false" hits="0" number="363"/>
                        <line branch="false" hits="0" number="364"/>
                        <line branch="false" hits="0" number="365"/>
                        <line branch="false" hits="0" number="366"/>
                        <line branch="false" hits="0" number="367"/>
                        <line branch="false" hits="0" number="368"/>
                        <line branch="false" hits="0" number="369"/>
                        <line branch="false" hits="0" number="370"/>
                        <line branch="false" hits="0" number="371"/>
                        <line branch="false" hits="0" number="372"/>
                        <line branch="false" hits="0" number="373"/>
                        <line branch="false" hits="0" number="374"/>
                        <line branch="false" hits="0" number="375"/>
                        <line branch="false" hits="0" number="376"/>
                        <line branch="false" hits="0" number="377"/>
                        <line branch="false" hits="0" number="378"/>
                        <line branch="false" hits="0" number="379"/>
                        <line branch="false" hits="0" number="380"/>
                        <line branch="false" hits="0" number="381"/>
                        <line branch="false" hits="0" number="382"/>
                        <line branch="false" hits="0" number="383"/>
                        <line branch="false" hits="0" number="384"/>
                        <line branch="false" hits="0" number="386"/>
                        <line branch="false" hits="0" number="388"/>
                        <line branch="false" hits="0" number="389"/>
                        <line branch="false" hits="0" number="390"/>
                        <line branch="false" hits="0" number="391"/>
                        <line branch="false" hits="0" number="392"/>
                        <line branch="false" hits="0" number="393"/>
                        <line branch="false" hits="0" number="394"/>
                        <line branch="false" hits="0" number="396"/>
                        <line branch="false" hits="0" number="397"/>
                        <line branch="false" hits="0" number="398"/>
                        <line branch="false" hits="0" number="399"/>
                        <line branch="false" hits="0" number="400"/>
                        <line branch="false" hits="0" number="402"/>
                        <line branch="false" hits="0" number="403"/>
                        <line branch="false" hits="0" number="404"/>
                        <line branch="false" hits="0" number="405"/>
                        <line branch="false" hits="0" number="406"/>
                        <line branch="false" hits="0" number="407"/>
                        <line branch="false" hits="0" number="408"/>
                        <line branch="false" hits="0" number="409"/>
                        <line branch="false" hits="0" number="410"/>
                        <line branch="false" hits="0" number="412"/>
                        <line branch="false" hits="0" number="413"/>
                        <line branch="false" hits="0" number="414"/>
                        <line branch="false" hits="0" number="415"/>
                        <line branch="false" hits="0" number="416"/>
                        <line branch="false" hits="0" number="418"/>
                        <line branch="false" hits="0" number="419"/>
                        <line branch="false" hits="0" number="422"/>
                        <line branch="false" hits="0" number="423"/>
                        <line branch="false" hits="0" number="424"/>
                        <line branch="false" hits="0" number="426"/>
                        <line branch="false" hits="0" number="427"/>
                        <line branch="false" hits="0" number="428"/>
                        <line branch="false" hits="0" number="429"/>
                        <line branch="false" hits="0" number="432"/>
                        <line branch="false" hits="0" number="433"/>
                        <line branch="false" hits="0" number="434"/>
                        <line branch="false" hits="0" number="435"/>
                        <line branch="false" hits="0" number="436"/>
                        <line branch="false" hits="0" number="438"/>
                        <line branch="false" hits="0" number="439"/>
                        <line branch="false" hits="0" number="441"/>
                        <line branch="false" hits="0" number="443"/>
                        <line branch="false" hits="0" number="444"/>
                        <line branch="false" hits="0" number="445"/>
                        <line branch="false" hits="0" number="446"/>
                        <line branch="false" hits="0" number="447"/>
                        <line branch="false" hits="0" number="448"/>
                        <line branch="false" hits="0" number="449"/>
                        <line branch="false" hits="0" number="452"/>
                        <line branch="false" hits="0" number="453"/>
                        <line branch="false" hits="0" number="454"/>
                        <line branch="false" hits="0" number="455"/>
                        <line branch="false" hits="0" number="456"/>
                        <line branch="false" hits="0" number="457"/>
                        <line branch="false" hits="0" number="458"/>
                        <line branch="false" hits="0" number="459"/>
                        <line branch="false" hits="0" number="460"/>
                        <line branch="false" hits="0" number="462"/>
                        <line branch="false" hits="0" number="479"/>
                        <line branch="false" hits="0" number="480"/>
                        <line branch="false" hits="0" number="481"/>
                        <line branch="false" hits="0" number="482"/>
                        <line branch="false" hits="0" number="483"/>
                        <line branch="false" hits="0" number="484"/>
                        <line branch="false" hits="0" number="485"/>
                        <line branch="false" hits="0" number="486"/>
                        <line branch="false" hits="0" number="487"/>
                        <line branch="false" hits="0" number="488"/>
                        <line branch="false" hits="0" number="489"/>
                        <line branch="false" hits="0" number="490"/>
                        <line branch="false" hits="0" number="492"/>
                        <line branch="false" hits="0" number="493"/>
                        <line branch="false" hits="0" number="494"/>
                        <line branch="false" hits="0" number="495"/>
                        <line branch="false" hits="0" number="496"/>
                        <line branch="false" hits="0" number="500"/>
                        <line branch="false" hits="0" number="501"/>
                        <line branch="false" hits="0" number="502"/>
                        <line branch="false" hits="0" number="503"/>
                        <line branch="false" hits="0" number="506"/>
                        <line branch="false" hits="0" number="507"/>
                        <line branch="false" hits="0" number="508"/>
                        <line branch="false" hits="0" number="509"/>
                        <line branch="false" hits="0" number="528"/>
                        <line branch="false" hits="0" number="529"/>
                        <line branch="false" hits="0" number="530"/>
                        <line branch="false" hits="0" number="531"/>
                        <line branch="false" hits="0" number="532"/>
                        <line branch="false" hits="0" number="533"/>
                        <line branch="false" hits="0" number="534"/>
                        <line branch="false" hits="0" number="535"/>
                        <line branch="false" hits="0" number="536"/>
                        <line branch="false" hits="0" number="537"/>
                        <line branch="false" hits="0" number="538"/>
                        <line branch="false" hits="0" number="539"/>
                        <line branch="false" hits="0" number="540"/>
                        <line branch="false" hits="0" number="541"/>
                        <line branch="false" hits="0" number="543"/>
                        <line branch="false" hits="0" number="544"/>
                        <line branch="false" hits="0" number="545"/>
                        <line branch="false" hits="0" number="546"/>
                        <line branch="false" hits="0" number="547"/>
                        <line branch="false" hits="0" number="548"/>
                        <line branch="false" hits="0" number="549"/>
                        <line branch="false" hits="0" number="552"/>
                        <line branch="false" hits="0" number="562"/>
                        <line branch="false" hits="0" number="563"/>
                        <line branch="false" hits="0" number="564"/>
                        <line branch="false" hits="0" number="565"/>
                        <line branch="false" hits="0" number="566"/>
                        <line branch="false" hits="0" number="567"/>
                        <line branch="false" hits="0" number="568"/>
                        <line branch="false" hits="0" number="569"/>
                        <line branch="false" hits="0" number="570"/>
                        <line branch="false" hits="0" number="571"/>
                        <line branch="false" hits="0" number="582"/>
                        <line branch="false" hits="0" number="583"/>
                        <line branch="false" hits="0" number="584"/>
                        <line branch="false" hits="0" number="585"/>
                        <line branch="false" hits="0" number="586"/>
                        <line branch="false" hits="0" number="587"/>
                        <line branch="false" hits="0" number="588"/>
                        <line branch="false" hits="0" number="589"/>
                        <line branch="false" hits="0" number="590"/>
                        <line branch="false" hits="0" number="591"/>
                        <line branch="false" hits="6" number="606"/>
                        <line branch="false" hits="6" number="607"/>
                        <line branch="false" hits="19" number="609"/>
                        <line branch="false" hits="13" number="610"/>
                        <line branch="false" hits="27" number="611"/>
                        <line branch="false" hits="17" number="612"/>
                        <line branch="false" hits="3" number="613"/>
                        <line branch="false" hits="3" number="614"/>
                        <line branch="false" hits="6" number="615"/>
                        <line branch="false" hits="3" number="616"/>
                        <line branch="false" hits="3" number="618"/>
                        <line branch="false" hits="14" number="619"/>
                        <line branch="false" hits="13" number="621"/>
                        <line branch="false" hits="10" number="622"/>
                        <line branch="false" hits="10" number="623"/>
                        <line branch="false" hits="6" number="625"/>
                        <line branch="false" hits="6" number="626"/>
                        <line branch="false" hits="0" number="651"/>
                        <line branch="false" hits="0" number="652"/>
                        <line branch="false" hits="0" number="653"/>
                        <line branch="false" hits="0" number="654"/>
                        <line branch="false" hits="0" number="655"/>
                        <line branch="false" hits="0" number="656"/>
                        <line branch="false" hits="0" number="657"/>
                        <line branch="false" hits="0" number="658"/>
                        <line branch="false" hits="0" number="659"/>
                        <line branch="false" hits="0" number="660"/>
                        <line branch="false" hits="0" number="661"/>
                        <line branch="false" hits="0" number="662"/>
                        <line branch="false" hits="0" number="663"/>
                        <line branch="false" hits="0" number="664"/>
                        <line branch="false" hits="0" number="665"/>
                        <line branch="false" hits="0" number="666"/>
                        <line branch="false" hits="0" number="667"/>
                        <line branch="false" hits="0" number="668"/>
                        <line branch="false" hits="0" number="669"/>
                        <line branch="false" hits="0" number="670"/>
                        <line branch="false" hits="0" number="671"/>
                        <line branch="false" hits="0" number="672"/>
                        <line branch="false" hits="0" number="673"/>
                        <line branch="false" hits="0" number="674"/>
                        <line branch="false" hits="0" number="675"/>
                        <line branch="false" hits="0" number="676"/>
                        <line branch="false" hits="0" number="677"/>
                        <line branch="false" hits="0" number="678"/>
                        <line branch="false" hits="0" number="679"/>
                        <line branch="false" hits="0" number="680"/>
                        <line branch="false" hits="0" number="681"/>
                        <line branch="false" hits="0" number="682"/>
                        <line branch="false" hits="0" number="683"/>
                        <line branch="false" hits="0" number="684"/>
                        <line branch="false" hits="0" number="685"/>
                        <line branch="false" hits="0" number="686"/>
                        <line branch="false" hits="0" number="687"/>
                        <line branch="false" hits="0" number="688"/>
                        <line branch="false" hits="0" number="689"/>
                        <line branch="false" hits="0" number="691"/>
                        <line branch="false" hits="0" number="692"/>
                        <line branch="false" hits="0" number="695"/>
                        <line branch="false" hits="0" number="696"/>
                        <line branch="false" hits="0" number="721"/>
                        <line branch="false" hits="0" number="722"/>
                        <line branch="false" hits="0" number="723"/>
                        <line branch="false" hits="0" number="724"/>
                        <line branch="false" hits="0" number="725"/>
                        <line branch="false" hits="0" number="726"/>
                        <line branch="false" hits="0" number="727"/>
                        <line branch="false" hits="0" number="728"/>
                        <line branch="false" hits="0" number="729"/>
                        <line branch="false" hits="0" number="730"/>
                        <line branch="false" hits="0" number="733"/>
                        <line branch="false" hits="0" number="734"/>
                        <line branch="false" hits="0" number="735"/>
                        <line branch="false" hits="0" number="736"/>
                        <line branch="false" hits="0" number="737"/>
                        <line branch="false" hits="0" number="738"/>
                        <line branch="false" hits="0" number="739"/>
                        <line branch="false" hits="0" number="740"/>
                        <line branch="false" hits="0" number="741"/>
                        <line branch="false" hits="0" number="742"/>
                        <line branch="false" hits="0" number="743"/>
                        <line branch="false" hits="0" number="744"/>
                        <line branch="false" hits="0" number="745"/>
                        <line branch="false" hits="0" number="746"/>
                        <line branch="false" hits="0" number="747"/>
                        <line branch="false" hits="0" number="748"/>
                        <line branch="false" hits="0" number="749"/>
                        <line branch="false" hits="0" number="750"/>
                        <line branch="false" hits="0" number="752"/>
                        <line branch="false" hits="0" number="753"/>
                        <line branch="false" hits="0" number="754"/>
                        <line branch="false" hits="0" number="755"/>
                        <line branch="false" hits="0" number="756"/>
                        <line branch="false" hits="0" number="757"/>
                        <line branch="false" hits="0" number="758"/>
                        <line branch="false" hits="0" number="765"/>
                        <line branch="false" hits="0" number="766"/>
                        <line branch="false" hits="0" number="767"/>
                        <line branch="false" hits="0" number="768"/>
                        <line branch="false" hits="0" number="769"/>
                        <line branch="false" hits="0" number="770"/>
                        <line branch="false" hits="0" number="772"/>
                        <line branch="false" hits="0" number="773"/>
                        <line branch="false" hits="2" number="791"/>
                        <line branch="false" hits="2" number="792"/>
                        <line branch="false" hits="2" number="793"/>
                        <line branch="false" hits="2" number="794"/>
                        <line branch="false" hits="2" number="796"/>
                        <line branch="false" hits="0" number="797"/>
                        <line branch="false" hits="0" number="798"/>
                        <line branch="false" hits="11" number="801"/>
                        <line branch="false" hits="8" number="802"/>
                        <line branch="false" hits="2" number="804"/>
                        <line branch="false" hits="2" number="806"/>
                        <line branch="false" hits="2" number="807"/>
                        <line branch="false" hits="0" number="808"/>
                        <line branch="false" hits="0" number="810"/>
                        <line branch="false" hits="0" number="811"/>
                        <line branch="false" hits="0" number="814"/>
                        <line branch="false" hits="1" number="818"/>
                        <line branch="false" hits="1" number="819"/>
                        <line branch="false" hits="1" number="820"/>
                        <line branch="false" hits="14" number="824"/>
                        <line branch="false" hits="0" number="825"/>
                        <line branch="false" hits="0" number="826"/>
                        <line branch="false" hits="14" number="828"/>
                        <line branch="false" hits="7" number="830"/>
                        <line branch="false" hits="7" number="831"/>
                        <line branch="false" hits="0" number="833"/>
                        <line branch="false" hits="0" number="835"/>
                        <line branch="false" hits="0" number="836"/>
                        <line branch="false" hits="0" number="839"/>
                        <line branch="false" hits="7" number="841"/>
                        <line branch="false" hits="6" number="843"/>
                        <line branch="false" hits="6" number="844"/>
                        <line branch="false" hits="1" number="849"/>
                        <line branch="false" hits="0" number="850"/>
                        <line branch="false" hits="1" number="853"/>
                        <line branch="false" hits="1" number="858"/>
                        <line branch="false" hits="0" number="871"/>
                        <line branch="false" hits="0" number="872"/>
                        <line branch="false" hits="0" number="873"/>
                        <line branch="false" hits="0" number="874"/>
                        <line branch="false" hits="0" number="875"/>
                        <line branch="false" hits="0" number="876"/>
                        <line branch="false" hits="0" number="877"/>
                        <line branch="false" hits="0" number="878"/>
                        <line branch="false" hits="0" number="879"/>
                        <line branch="false" hits="0" number="880"/>
                        <line branch="false" hits="0" number="881"/>
                        <line branch="false" hits="0" number="882"/>
                        <line branch="false" hits="0" number="883"/>
                        <line branch="false" hits="0" number="889"/>
                        <line branch="false" hits="0" number="890"/>
                        <line branch="false" hits="0" number="891"/>
                        <line branch="false" hits="0" number="893"/>
                        <line branch="false" hits="0" number="894"/>
                        <line branch="false" hits="0" number="895"/>
                        <line branch="false" hits="0" number="898"/>
                        <line branch="false" hits="0" number="918"/>
                        <line branch="false" hits="0" number="919"/>
                        <line branch="false" hits="0" number="920"/>
                        <line branch="false" hits="0" number="921"/>
                        <line branch="false" hits="0" number="922"/>
                        <line branch="false" hits="0" number="923"/>
                        <line branch="false" hits="0" number="924"/>
                        <line branch="false" hits="0" number="925"/>
                        <line branch="false" hits="0" number="926"/>
                        <line branch="false" hits="0" number="927"/>
                        <line branch="false" hits="0" number="928"/>
                        <line branch="false" hits="0" number="930"/>
                        <line branch="false" hits="0" number="931"/>
                        <line branch="false" hits="0" number="934"/>
                        <line branch="false" hits="0" number="935"/>
                        <line branch="false" hits="0" number="939"/>
                        <line branch="false" hits="0" number="940"/>
                        <line branch="false" hits="0" number="942"/>
                        <line branch="false" hits="0" number="943"/>
                        <line branch="false" hits="0" number="945"/>
                        <line branch="false" hits="0" number="946"/>
                        <line branch="false" hits="0" number="947"/>
                        <line branch="false" hits="0" number="948"/>
                        <line branch="false" hits="0" number="950"/>
                        <line branch="false" hits="0" number="953"/>
                        <line branch="false" hits="0" number="954"/>
                        <line branch="false" hits="0" number="957"/>
                        <line branch="false" hits="0" number="958"/>
                        <line branch="false" hits="0" number="959"/>
                        <line branch="false" hits="0" number="961"/>
                        <line branch="false" hits="0" number="962"/>
                        <line branch="false" hits="0" number="963"/>
                        <line branch="false" hits="0" number="964"/>
                        <line branch="false" hits="0" number="966"/>
                        <line branch="false" hits="0" number="967"/>
                        <line branch="false" hits="0" number="988"/>
                        <line branch="false" hits="0" number="989"/>
                        <line branch="false" hits="0" number="990"/>
                        <line branch="false" hits="0" number="991"/>
                        <line branch="false" hits="0" number="992"/>
                        <line branch="false" hits="0" number="993"/>
                        <line branch="false" hits="0" number="994"/>
                        <line branch="false" hits="0" number="995"/>
                        <line branch="false" hits="0" number="996"/>
                        <line branch="false" hits="0" number="997"/>
                        <line branch="false" hits="0" number="998"/>
                        <line branch="false" hits="0" number="999"/>
                        <line branch="false" hits="0" number="1000"/>
                        <line branch="false" hits="0" number="1001"/>
                        <line branch="false" hits="0" number="1002"/>
                        <line branch="false" hits="0" number="1003"/>
                        <line branch="false" hits="0" number="1004"/>
                        <line branch="false" hits="0" number="1020"/>
                        <line branch="false" hits="0" number="1021"/>
                        <line branch="false" hits="0" number="1022"/>
                        <line branch="false" hits="0" number="1023"/>
                        <line branch="false" hits="0" number="1025"/>
                        <line branch="false" hits="0" number="1026"/>
                        <line branch="false" hits="0" number="1027"/>
                        <line branch="false" hits="0" number="1028"/>
                        <line branch="false" hits="0" number="1029"/>
                        <line branch="false" hits="0" number="1030"/>
                        <line branch="false" hits="0" number="1031"/>
                        <line branch="false" hits="0" number="1032"/>
                        <line branch="false" hits="0" number="1033"/>
                        <line branch="false" hits="0" number="1034"/>
                        <line branch="false" hits="0" number="1035"/>
                        <line branch="false" hits="0" number="1036"/>
                        <line branch="false" hits="0" number="1037"/>
                        <line branch="false" hits="0" number="1038"/>
                        <line branch="false" hits="0" number="1041"/>
                        <line branch="false" hits="0" number="1056"/>
                        <line branch="false" hits="0" number="1057"/>
                        <line branch="false" hits="0" number="1058"/>
                        <line branch="false" hits="0" number="1059"/>
                        <line branch="false" hits="0" number="1060"/>
                        <line branch="false" hits="0" number="1061"/>
                        <line branch="false" hits="0" number="1063"/>
                        <line branch="false" hits="0" number="1064"/>
                        <line branch="false" hits="0" number="1065"/>
                        <line branch="false" hits="0" number="1066"/>
                        <line branch="false" hits="0" number="1067"/>
                        <line branch="false" hits="0" number="1068"/>
                        <line branch="false" hits="0" number="1070"/>
                        <line branch="false" hits="0" number="1073"/>
                        <line branch="false" hits="0" number="1074"/>
                        <line branch="false" hits="0" number="1075"/>
                        <line branch="false" hits="0" number="1077"/>
                        <line branch="false" hits="0" number="1079"/>
                        <line branch="false" hits="0" number="1081"/>
                        <line branch="false" hits="0" number="1082"/>
                        <line branch="false" hits="0" number="1083"/>
                        <line branch="false" hits="0" number="1084"/>
                        <line branch="false" hits="0" number="1085"/>
                        <line branch="false" hits="0" number="1086"/>
                        <line branch="false" hits="0" number="1087"/>
                        <line branch="false" hits="0" number="1109"/>
                        <line branch="false" hits="0" number="1110"/>
                        <line branch="false" hits="0" number="1111"/>
                        <line branch="false" hits="0" number="1112"/>
                        <line branch="false" hits="0" number="1113"/>
                        <line branch="false" hits="0" number="1114"/>
                        <line branch="false" hits="0" number="1115"/>
                        <line branch="false" hits="0" number="1116"/>
                        <line branch="false" hits="0" number="1117"/>
                        <line branch="false" hits="0" number="1118"/>
                        <line branch="false" hits="0" number="1119"/>
                        <line branch="false" hits="0" number="1120"/>
                        <line branch="false" hits="0" number="1121"/>
                        <line branch="false" hits="0" number="1122"/>
                        <line branch="false" hits="0" number="1123"/>
                        <line branch="false" hits="0" number="1124"/>
                        <line branch="false" hits="0" number="1125"/>
                        <line branch="false" hits="0" number="1126"/>
                        <line branch="false" hits="0" number="1127"/>
                        <line branch="false" hits="0" number="1128"/>
                    </lines>
                </class>
                <class branch-rate="0" complexity="0" filename="src\daemon\workspace.rs" line-rate="0" name="src.daemon.workspace.rs">
                    <methods>
                        <method name="csshw_lib::daemon::workspace::get_workspace_area" signature="" complexity="0" line-rate="0" branch-rate="0">
                            <lines>
                                <line hits="0" number="50" branch="false"/>
                            </lines>
                        </method>
                    </methods>
                    <lines>
                        <line branch="false" hits="0" number="50"/>
                        <line branch="false" hits="0" number="51"/>
                        <line branch="false" hits="0" number="52"/>
                        <line branch="false" hits="0" number="53"/>
                        <line branch="false" hits="0" number="54"/>
                        <line branch="false" hits="0" number="55"/>
                        <line branch="false" hits="0" number="56"/>
                        <line branch="false" hits="0" number="57"/>
                        <line branch="false" hits="0" number="58"/>
                        <line branch="false" hits="0" number="59"/>
                        <line branch="false" hits="0" number="60"/>
                        <line branch="false" hits="0" number="61"/>
                        <line branch="false" hits="0" number="62"/>
                        <line branch="false" hits="0" number="63"/>
                        <line branch="false" hits="0" number="64"/>
                        <line branch="false" hits="0" number="65"/>
                        <line branch="false" hits="0" number="66"/>
                        <line branch="false" hits="0" number="67"/>
                    </lines>
                </class>
            </classes>
        </package>
        <package line-rate="0.5819935691318328" branch-rate="0" name="src.utils" complexity="0">
            <classes>
                <class branch-rate="0" complexity="0" filename="src\utils\debug.rs" line-rate="1" name="src.utils.debug.rs">
                    <methods>
                        <method name="&lt;windows::Win32::System::Console::KEY_EVENT_RECORD_0 as csshw_lib::utils::debug::StringRepr&gt;::string_repr" signature="" complexity="0" line-rate="1" branch-rate="1">
                            <lines>
                                <line hits="6" number="21" branch="false"/>
                            </lines>
                        </method>
                        <method name="&lt;windows::Win32::System::Console::INPUT_RECORD_0 as csshw_lib::utils::debug::StringRepr&gt;::string_repr" signature="" complexity="0" line-rate="1" branch-rate="1">
                            <lines>
                                <line hits="1" number="51" branch="false"/>
                            </lines>
                        </method>
                        <method name="&lt;windows::Win32::System::Console::KEY_EVENT_RECORD as csshw_lib::utils::debug::StringRepr&gt;::string_repr" signature="" complexity="0" line-rate="1" branch-rate="1">
                            <lines>
                                <line hits="13" number="31" branch="false"/>
                            </lines>
                        </method>
                    </methods>
                    <lines>
                        <line branch="false" hits="6" number="21"/>
                        <line branch="false" hits="6" number="22"/>
                        <line branch="false" hits="6" number="23"/>
                        <line branch="false" hits="13" number="31"/>
                        <line branch="false" hits="13" number="32"/>
                        <line branch="false" hits="13" number="33"/>
                        <line branch="false" hits="13" number="34"/>
                        <line branch="false" hits="13" number="35"/>
                        <line branch="false" hits="13" number="36"/>
                        <line branch="false" hits="13" number="37"/>
                        <line branch="false" hits="13" number="38"/>
                        <line branch="false" hits="13" number="39"/>
                        <line branch="false" hits="13" number="40"/>
                        <line branch="false" hits="13" number="41"/>
                        <line branch="false" hits="1" number="51"/>
                        <line branch="false" hits="1" number="52"/>
                        <line branch="false" hits="1" number="53"/>
                    </lines>
                </class>
                <class branch-rate="0" complexity="0" filename="src\utils\config.rs" line-rate="0.9125" name="src.utils.config.rs">
                    <methods>
                        <method name="&lt;csshw_lib::utils::config::Config as core::convert::From&lt;csshw_lib::utils::config::ConfigOpt&gt;&gt;::from" signature="" complexity="0" line-rate="1" branch-rate="1">
                            <lines>
                                <line hits="7" number="46" branch="false"/>
                            </lines>
                        </method>
                        <method name="&lt;csshw_lib::utils::config::ClientConfig as core::default::Default&gt;::default" signature="" complexity="0" line-rate="1" branch-rate="1">
                            <lines>
                                <line hits="29" number="118" branch="false"/>
                            </lines>
                        </method>
                        <method name="&lt;csshw_lib::utils::config::ClientConfigOpt as core::default::Default&gt;::default" signature="" complexity="0" line-rate="1" branch-rate="1">
                            <lines>
                                <line hits="6" number="146" branch="false"/>
                            </lines>
                        </method>
                        <method name="&lt;csshw_lib::utils::config::ClientConfig as core::convert::From&lt;csshw_lib::utils::config::ClientConfigOpt&gt;&gt;::from" signature="" complexity="0" line-rate="1" branch-rate="1">
                            <lines>
                                <line hits="10" number="153" branch="false"/>
                            </lines>
                        </method>
                        <method name="&lt;csshw_lib::utils::config::ClientConfigOpt as core::convert::From&lt;csshw_lib::utils::config::ClientConfig&gt;&gt;::from" signature="" complexity="0" line-rate="1" branch-rate="1">
                            <lines>
                                <line hits="6" number="168" branch="false"/>
                            </lines>
                        </method>
                        <method name="&lt;csshw_lib::utils::config::DaemonConfig as core::default::Default&gt;::default" signature="" complexity="0" line-rate="1" branch-rate="1">
                            <lines>
                                <line hits="28" number="229" branch="false"/>
                            </lines>
                        </method>
                        <method name="&lt;csshw_lib::utils::config::DaemonConfigOpt as core::default::Default&gt;::default" signature="" complexity="0" line-rate="1" branch-rate="1">
                            <lines>
                                <line hits="5" number="257" branch="false"/>
                            </lines>
                        </method>
                        <method name="&lt;csshw_lib::utils::config::DaemonConfig as core::convert::From&lt;csshw_lib::utils::config::DaemonConfigOpt&gt;&gt;::from" signature="" complexity="0" line-rate="1" branch-rate="1">
                            <lines>
                                <line hits="10" number="264" branch="false"/>
                            </lines>
                        </method>
                        <method name="&lt;csshw_lib::utils::config::DaemonConfigOpt as core::convert::From&lt;csshw_lib::utils::config::DaemonConfig&gt;&gt;::from" signature="" complexity="0" line-rate="1" branch-rate="1">
                            <lines>
                                <line hits="5" number="278" branch="false"/>
                            </lines>
                        </method>
                        <method name="&lt;csshw_lib::utils::config::ConfigOpt as core::convert::From&lt;csshw_lib::utils::config::Config&gt;&gt;::from" signature="" complexity="0" line-rate="0" branch-rate="0">
                            <lines>
                                <line hits="0" number="57" branch="false"/>
                            </lines>
                        </method>
                    </methods>
                    <lines>
                        <line branch="false" hits="7" number="46"/>
                        <line branch="false" hits="7" number="47"/>
                        <line branch="false" hits="7" number="48"/>
                        <line branch="false" hits="7" number="49"/>
                        <line branch="false" hits="7" number="50"/>
                        <line branch="false" hits="7" number="51"/>
                        <line branch="false" hits="7" number="52"/>
                        <line branch="false" hits="0" number="57"/>
                        <line branch="false" hits="0" number="58"/>
                        <line branch="false" hits="0" number="59"/>
                        <line branch="false" hits="0" number="60"/>
                        <line branch="false" hits="0" number="61"/>
                        <line branch="false" hits="0" number="62"/>
                        <line branch="false" hits="0" number="63"/>
                        <line branch="false" hits="29" number="118"/>
                        <line branch="false" hits="29" number="119"/>
                        <line branch="false" hits="29" number="120"/>
                        <line branch="false" hits="29" number="121"/>
                        <line branch="false" hits="29" number="122"/>
                        <line branch="false" hits="29" number="123"/>
                        <line branch="false" hits="29" number="124"/>
                        <line branch="false" hits="29" number="125"/>
                        <line branch="false" hits="29" number="126"/>
                        <line branch="false" hits="29" number="127"/>
                        <line branch="false" hits="29" number="128"/>
                        <line branch="false" hits="6" number="146"/>
                        <line branch="false" hits="6" number="147"/>
                        <line branch="false" hits="6" number="148"/>
                        <line branch="false" hits="10" number="153"/>
                        <line branch="false" hits="10" number="154"/>
                        <line branch="false" hits="10" number="155"/>
                        <line branch="false" hits="10" number="156"/>
                        <line branch="false" hits="10" number="157"/>
                        <line branch="false" hits="10" number="158"/>
                        <line branch="false" hits="10" number="159"/>
                        <line branch="false" hits="10" number="160"/>
                        <line branch="false" hits="10" number="161"/>
                        <line branch="false" hits="10" number="162"/>
                        <line branch="false" hits="10" number="163"/>
                        <line branch="false" hits="6" number="168"/>
                        <line branch="false" hits="6" number="169"/>
                        <line branch="false" hits="6" number="170"/>
                        <line branch="false" hits="6" number="171"/>
                        <line branch="false" hits="6" number="172"/>
                        <line branch="false" hits="6" number="173"/>
                        <line branch="false" hits="6" number="174"/>
                        <line branch="false" hits="6" number="175"/>
                        <line branch="false" hits="28" number="229"/>
                        <line branch="false" hits="28" number="230"/>
                        <line branch="false" hits="28" number="231"/>
                        <line branch="false" hits="28" number="232"/>
                        <line branch="false" hits="28" number="233"/>
                        <line branch="false" hits="28" number="234"/>
                        <line branch="false" hits="28" number="235"/>
                        <line branch="false" hits="28" number="236"/>
                        <line branch="false" hits="28" number="237"/>
                        <line branch="false" hits="28" number="238"/>
                        <line branch="false" hits="28" number="239"/>
                        <line branch="false" hits="28" number="240"/>
                        <line branch="false" hits="28" number="241"/>
                        <line branch="false" hits="5" number="257"/>
                        <line branch="false" hits="5" number="258"/>
                        <line branch="false" hits="5" number="259"/>
                        <line branch="false" hits="10" number="264"/>
                        <line branch="false" hits="10" number="265"/>
                        <line branch="false" hits="10" number="266"/>
                        <line branch="false" hits="10" number="267"/>
                        <line branch="false" hits="10" number="268"/>
                        <line branch="false" hits="10" number="269"/>
                        <line branch="false" hits="10" number="270"/>
                        <line branch="false" hits="10" number="271"/>
                        <line branch="false" hits="10" number="272"/>
                        <line branch="false" hits="10" number="273"/>
                        <line branch="false" hits="5" number="278"/>
                        <line branch="false" hits="5" number="279"/>
                        <line branch="false" hits="5" number="280"/>
                        <line branch="false" hits="5" number="281"/>
                        <line branch="false" hits="5" number="282"/>
                        <line branch="false" hits="5" number="283"/>
                        <line branch="false" hits="5" number="284"/>
                    </lines>
                </class>
                <class branch-rate="0" complexity="0" filename="src\utils\mod.rs" line-rate="0.4252336448598131" name="src.utils.mod.rs">
                    <methods>
                        <method name="csshw_lib::utils::get_std_handle::{closure#0}" signature="" complexity="0" line-rate="0" branch-rate="0">
                            <lines>
                                <line hits="0" number="428" branch="false"/>
                            </lines>
                        </method>
                        <method name="csshw_lib::utils::utf16_buffer_to_string::{closure#0}" signature="" complexity="0" line-rate="1" branch-rate="1">
                            <lines>
                                <line hits="8241" number="355" branch="false"/>
                            </lines>
                        </method>
                        <method name="csshw_lib::utils::utf16_buffer_to_string::{closure#1}" signature="" complexity="0" line-rate="0" branch-rate="0">
                            <lines>
                                <line hits="0" number="357" branch="false"/>
                            </lines>
                        </method>
                        <method name="csshw_lib::utils::get_window_title_with_api::{closure#0}" signature="" complexity="0" line-rate="1" branch-rate="1">
                            <lines>
                                <line hits="2048" number="407" branch="false"/>
                            </lines>
                        </method>
                        <method name="csshw_lib::utils::get_window_title_with_api::{closure#1}" signature="" complexity="0" line-rate="0" branch-rate="0">
                            <lines>
                                <line hits="0" number="409" branch="false"/>
                            </lines>
                        </method>
                        <method name="csshw_lib::utils::clear_screen" signature="" complexity="0" line-rate="0" branch-rate="0">
                            <lines>
                                <line hits="0" number="266" branch="false"/>
                            </lines>
                        </method>
                        <method name="csshw_lib::utils::is_windows_10" signature="" complexity="0" line-rate="0" branch-rate="0">
                            <lines>
                                <line hits="0" number="543" branch="false"/>
                            </lines>
                        </method>
                        <method name="csshw_lib::utils::get_std_handle" signature="" complexity="0" line-rate="0" branch-rate="0">
                            <lines>
                                <line hits="0" number="425" branch="false"/>
                            </lines>
                        </method>
                        <method name="csshw_lib::utils::arrange_console" signature="" complexity="0" line-rate="0" branch-rate="0">
                            <lines>
                                <line hits="0" number="512" branch="false"/>
                            </lines>
                        </method>
                        <method name="csshw_lib::utils::get_window_title" signature="" complexity="0" line-rate="0" branch-rate="0">
                            <lines>
                                <line hits="0" number="387" branch="false"/>
                            </lines>
                        </method>
                        <method name="csshw_lib::utils::get_console_title" signature="" complexity="0" line-rate="0" branch-rate="0">
                            <lines>
                                <line hits="0" number="338" branch="false"/>
                            </lines>
                        </method>
                        <method name="csshw_lib::utils::set_console_color" signature="" complexity="0" line-rate="0" branch-rate="0">
                            <lines>
                                <line hits="0" number="242" branch="false"/>
                            </lines>
                        </method>
                        <method name="csshw_lib::utils::set_console_title" signature="" complexity="0" line-rate="0" branch-rate="0">
                            <lines>
                                <line hits="0" number="223" branch="false"/>
                            </lines>
                        </method>
                        <method name="csshw_lib::utils::print_console_rect" signature="" complexity="0" line-rate="0" branch-rate="0">
                            <lines>
                                <line hits="0" number="209" branch="false"/>
                            </lines>
                        </method>
                        <method name="csshw_lib::utils::read_keyboard_input" signature="" complexity="0" line-rate="0" branch-rate="0">
                            <lines>
                                <line hits="0" number="471" branch="false"/>
                            </lines>
                        </method>
                        <method name="csshw_lib::utils::clear_screen_with_api" signature="" complexity="0" line-rate="1" branch-rate="1">
                            <lines>
                                <line hits="3" number="275" branch="false"/>
                            </lines>
                        </method>
                        <method name="csshw_lib::utils::is_windows_10_with_api" signature="" complexity="0" line-rate="1" branch-rate="1">
                            <lines>
                                <line hits="14" number="558" branch="false"/>
                            </lines>
                        </method>
                        <method name="csshw_lib::utils::utf16_buffer_to_string" signature="" complexity="0" line-rate="1" branch-rate="1">
                            <lines>
                                <line hits="9" number="351" branch="false"/>
                            </lines>
                        </method>
                        <method name="csshw_lib::utils::arrange_console_with_api" signature="" complexity="0" line-rate="1" branch-rate="1">
                            <lines>
                                <line hits="1" number="529" branch="false"/>
                            </lines>
                        </method>
                        <method name="csshw_lib::utils::get_console_input_buffer" signature="" complexity="0" line-rate="0" branch-rate="0">
                            <lines>
                                <line hits="0" number="433" branch="false"/>
                            </lines>
                        </method>
                        <method name="csshw_lib::utils::set_console_border_color" signature="" complexity="0" line-rate="0" branch-rate="0">
                            <lines>
                                <line hits="0" number="317" branch="false"/>
                            </lines>
                        </method>
                        <method name="csshw_lib::utils::get_console_output_buffer" signature="" complexity="0" line-rate="0" branch-rate="0">
                            <lines>
                                <line hits="0" number="438" branch="false"/>
                            </lines>
                        </method>
                        <method name="csshw_lib::utils::get_window_title_with_api" signature="" complexity="0" line-rate="1" branch-rate="1">
                            <lines>
                                <line hits="1" number="401" branch="false"/>
                            </lines>
                        </method>
                        <method name="csshw_lib::utils::get_console_title_with_api" signature="" complexity="0" line-rate="1" branch-rate="1">
                            <lines>
                                <line hits="4" number="372" branch="false"/>
                            </lines>
                        </method>
                        <method name="csshw_lib::utils::set_console_color_with_api" signature="" complexity="0" line-rate="1" branch-rate="1">
                            <lines>
                                <line hits="3" number="252" branch="false"/>
                            </lines>
                        </method>
                        <method name="csshw_lib::utils::set_console_title_with_api" signature="" complexity="0" line-rate="1" branch-rate="1">
                            <lines>
                                <line hits="2" number="233" branch="false"/>
                            </lines>
                        </method>
                        <method name="csshw_lib::utils::read_console_input_with_api" signature="" complexity="0" line-rate="1" branch-rate="1">
                            <lines>
                                <line hits="8" number="453" branch="false"/>
                            </lines>
                        </method>
                        <method name="csshw_lib::utils::read_keyboard_input_with_api" signature="" complexity="0" line-rate="1" branch-rate="1">
                            <lines>
                                <line hits="2" number="486" branch="false"/>
                            </lines>
                        </method>
                        <method name="csshw_lib::utils::set_console_border_color_with_api" signature="" complexity="0" line-rate="1" branch-rate="1">
                            <lines>
                                <line hits="5" number="331" branch="false"/>
                            </lines>
                        </method>
                        <method name="&lt;csshw_lib::utils::DefaultWindowsApi as csshw_lib::utils::WindowsApi&gt;::get_os_version" signature="" complexity="0" line-rate="0" branch-rate="0">
                            <lines>
                                <line hits="0" number="101" branch="false"/>
                            </lines>
                        </method>
                        <method name="&lt;csshw_lib::utils::DefaultWindowsApi as csshw_lib::utils::WindowsApi&gt;::get_std_handle" signature="" complexity="0" line-rate="0" branch-rate="0">
                            <lines>
                                <line hits="0" number="168" branch="false"/>
                            </lines>
                        </method>
                        <method name="&lt;csshw_lib::utils::DefaultWindowsApi as csshw_lib::utils::WindowsApi&gt;::arrange_console" signature="" complexity="0" line-rate="0" branch-rate="0">
                            <lines>
                                <line hits="0" number="105" branch="false"/>
                            </lines>
                        </method>
                        <method name="&lt;csshw_lib::utils::DefaultWindowsApi as csshw_lib::utils::WindowsApi&gt;::set_console_title" signature="" complexity="0" line-rate="0" branch-rate="0">
                            <lines>
                                <line hits="0" number="93" branch="false"/>
                            </lines>
                        </method>
                        <method name="&lt;csshw_lib::utils::DefaultWindowsApi as csshw_lib::utils::WindowsApi&gt;::read_console_input" signature="" complexity="0" line-rate="0" branch-rate="0">
                            <lines>
                                <line hits="0" number="172" branch="false"/>
                            </lines>
                        </method>
                        <method name="&lt;csshw_lib::utils::DefaultWindowsApi as csshw_lib::utils::WindowsApi&gt;::set_dwm_border_color" signature="" complexity="0" line-rate="0" branch-rate="0">
                            <lines>
                                <line hits="0" number="178" branch="false"/>
                            </lines>
                        </method>
                        <method name="&lt;csshw_lib::utils::DefaultWindowsApi as csshw_lib::utils::WindowsApi&gt;::get_console_title_utf16" signature="" complexity="0" line-rate="0" branch-rate="0">
                            <lines>
                                <line hits="0" number="97" branch="false"/>
                            </lines>
                        </method>
[...]
                        </method>
                        <method name="csshw_lib::client::main::{closure#0}::{closure#2}" signature="" complexity="0" line-rate="0" branch-rate="0">
                            <lines>
                                <line hits="0" number="436" branch="false"/>
                            </lines>
                        </method>
                        <method name="csshw_lib::client::main::{closure#0}::{closure#3}" signature="" complexity="0" line-rate="0" branch-rate="0">
                            <lines>
                                <line hits="0" number="454" branch="false"/>
                            </lines>
                        </method>
                        <method name="csshw_lib::client::main::{closure#0}::{closure#1}" signature="" complexity="0" line-rate="0" branch-rate="0">
                            <lines>
                                <line hits="0" number="415" branch="false"/>
                            </lines>
                        </method>
                        <method name="csshw_lib::client::read_write_loop::{closure#0}" signature="" complexity="0" line-rate="0" branch-rate="0">
                            <lines>
                                <line hits="0" number="216" branch="false"/>
                            </lines>
                        </method>
                        <method name="csshw_lib::client::launch_ssh_process::{closure#0}" signature="" complexity="0" line-rate="0" branch-rate="0">
                            <lines>
                                <line hits="0" number="177" branch="false"/>
                            </lines>
                        </method>
                        <method name="csshw_lib::client::replace_argument_placeholders::{closure#0}" signature="" complexity="0" line-rate="1" branch-rate="1">
                            <lines>
                                <line hits="30" number="300" branch="false"/>
                            </lines>
                        </method>
                        <method name="csshw_lib::client::run::{closure#0}" signature="" complexity="0" line-rate="0" branch-rate="0">
                            <lines>
                                <line hits="0" number="314" branch="false"/>
                            </lines>
                        </method>
                        <method name="csshw_lib::client::main::{closure#0}" signature="" complexity="0" line-rate="0" branch-rate="0">
                            <lines>
                                <line hits="0" number="409" branch="false"/>
                            </lines>
                        </method>
                        <method name="csshw_lib::client::read_write_loop" signature="" complexity="0" line-rate="0" branch-rate="0">
                            <lines>
                                <line hits="0" number="213" branch="false"/>
                            </lines>
                        </method>
                        <method name="csshw_lib::client::resolve_username" signature="" complexity="0" line-rate="1" branch-rate="1">
                            <lines>
                                <line hits="12" number="101" branch="false"/>
                            </lines>
                        </method>
                        <method name="csshw_lib::client::launch_ssh_process" signature="" complexity="0" line-rate="0" branch-rate="0">
                            <lines>
                                <line hits="0" number="172" branch="false"/>
                            </lines>
                        </method>
                        <method name="csshw_lib::client::build_ssh_arguments" signature="" complexity="0" line-rate="1" branch-rate="1">
                            <lines>
                                <line hits="12" number="134" branch="false"/>
                            </lines>
                        </method>
                        <method name="csshw_lib::client::write_console_input" signature="" complexity="0" line-rate="0" branch-rate="0">
                            <lines>
                                <line hits="0" number="64" branch="false"/>
                            </lines>
                        </method>
                        <method name="csshw_lib::client::is_keep_alive_packet" signature="" complexity="0" line-rate="1" branch-rate="1">
                            <lines>
                                <line hits="6" number="278" branch="false"/>
                            </lines>
                        </method>
                        <method name="csshw_lib::client::is_alt_shift_c_combination" signature="" complexity="0" line-rate="1" branch-rate="1">
                            <lines>
                                <line hits="8" number="262" branch="false"/>
                            </lines>
                        </method>
                        <method name="csshw_lib::client::replace_argument_placeholders" signature="" complexity="0" line-rate="1" branch-rate="1">
                            <lines>
                                <line hits="12" number="293" branch="false"/>
                            </lines>
                        </method>
                        <method name="csshw_lib::client::run" signature="" complexity="0" line-rate="0" branch-rate="0">
                            <lines>
                                <line hits="0" number="314" branch="false"/>
                            </lines>
                        </method>
                        <method name="csshw_lib::client::main" signature="" complexity="0" line-rate="0" branch-rate="0">
                            <lines>
                                <line hits="0" number="404" branch="false"/>
                            </lines>
                        </method>
                    </methods>
                    <lines>
                        <line branch="false" hits="0" number="64"/>
                        <line branch="false" hits="0" number="65"/>
                        <line branch="false" hits="0" number="66"/>
                        <line branch="false" hits="0" number="67"/>
                        <line branch="false" hits="0" number="68"/>
                        <line branch="false" hits="0" number="69"/>
                        <line branch="false" hits="0" number="70"/>
                        <line branch="false" hits="0" number="71"/>
                        <line branch="false" hits="0" number="72"/>
                        <line branch="false" hits="0" number="73"/>
                        <line branch="false" hits="0" number="74"/>
                        <line branch="false" hits="0" number="75"/>
                        <line branch="false" hits="0" number="76"/>
                        <line branch="false" hits="0" number="78"/>
                        <line branch="false" hits="0" number="79"/>
                        <line branch="false" hits="0" number="80"/>
                        <line branch="false" hits="0" number="81"/>
                        <line branch="false" hits="0" number="84"/>
                        <line branch="false" hits="0" number="85"/>
                        <line branch="false" hits="0" number="88"/>
                        <line branch="false" hits="12" number="101"/>
                        <line branch="false" hits="12" number="102"/>
                        <line branch="false" hits="8" number="103"/>
                        <line branch="false" hits="4" number="104"/>
                        <line branch="false" hits="4" number="106"/>
                        <line branch="false" hits="4" number="107"/>
                        <line branch="false" hits="4" number="108"/>
                        <line branch="false" hits="2" number="109"/>
                        <line branch="false" hits="2" number="110"/>
                        <line branch="false" hits="2" number="111"/>
                        <line branch="false" hits="2" number="112"/>
                        <line branch="false" hits="2" number="113"/>
                        <line branch="false" hits="2" number="114"/>
                        <line branch="false" hits="2" number="115"/>
                        <line branch="false" hits="4" number="116"/>
                        <line branch="false" hits="4" number="117"/>
                        <line branch="false" hits="4" number="118"/>
                        <line branch="false" hits="4" number="119"/>
                        <line branch="false" hits="12" number="120"/>
                        <line branch="false" hits="12" number="134"/>
                        <line branch="false" hits="12" number="135"/>
                        <line branch="false" hits="12" number="136"/>
                        <line branch="false" hits="12" number="137"/>
                        <line branch="false" hits="12" number="138"/>
                        <line branch="false" hits="12" number="139"/>
                        <line branch="false" hits="12" number="140"/>
                        <line branch="false" hits="12" number="142"/>
                        <line branch="false" hits="12" number="143"/>
                        <line branch="false" hits="12" number="144"/>
                        <line branch="false" hits="12" number="145"/>
                        <line branch="false" hits="12" number="149"/>
                        <line branch="false" hits="9" number="150"/>
                        <line branch="false" hits="9" number="151"/>
                        <line branch="false" hits="9" number="152"/>
                        <line branch="false" hits="12" number="154"/>
                        <line branch="false" hits="12" number="155"/>
                        <line branch="false" hits="0" number="172"/>
                        <line branch="false" hits="0" number="173"/>
                        <line branch="false" hits="0" number="174"/>
                        <line branch="false" hits="0" number="175"/>
                        <line branch="false" hits="0" number="176"/>
                        <line branch="false" hits="0" number="177"/>
                        <line branch="false" hits="0" number="178"/>
                        <line branch="false" hits="0" number="179"/>
                        <line branch="false" hits="0" number="180"/>
                        <line branch="false" hits="0" number="181"/>
                        <line branch="false" hits="0" number="182"/>
                        <line branch="false" hits="0" number="183"/>
                        <line branch="false" hits="0" number="184"/>
                        <line branch="false" hits="0" number="185"/>
                        <line branch="false" hits="0" number="186"/>
                        <line branch="false" hits="0" number="190"/>
                        <line branch="false" hits="0" number="191"/>
                        <line branch="false" hits="0" number="213"/>
                        <line branch="false" hits="0" number="214"/>
                        <line branch="false" hits="0" number="215"/>
                        <line branch="false" hits="0" number="216"/>
                        <line branch="false" hits="0" number="217"/>
                        <line branch="false" hits="0" number="218"/>
                        <line branch="false" hits="0" number="219"/>
                        <line branch="false" hits="0" number="224"/>
                        <line branch="false" hits="0" number="226"/>
                        <line branch="false" hits="0" number="227"/>
                        <line branch="false" hits="0" number="228"/>
                        <line branch="false" hits="0" number="229"/>
                        <line branch="false" hits="0" number="230"/>
                        <line branch="false" hits="0" number="231"/>
                        <line branch="false" hits="0" number="232"/>
                        <line branch="false" hits="0" number="233"/>
                        <line branch="false" hits="0" number="234"/>
                        <line branch="false" hits="0" number="235"/>
                        <line branch="false" hits="0" number="236"/>
                        <line branch="false" hits="0" number="238"/>
                        <line branch="false" hits="0" number="239"/>
                        <line branch="false" hits="0" number="240"/>
                        <line branch="false" hits="0" number="241"/>
                        <line branch="false" hits="0" number="243"/>
                        <line branch="false" hits="0" number="244"/>
                        <line branch="false" hits="0" number="246"/>
                        <line branch="false" hits="0" number="247"/>
                        <line branch="false" hits="0" number="248"/>
                        <line branch="false" hits="0" number="251"/>
                        <line branch="false" hits="8" number="262"/>
                        <line branch="false" hits="8" number="263"/>
                        <line branch="false" hits="3" number="264"/>
                        <line branch="false" hits="6" number="265"/>
                        <line branch="false" hits="5" number="266"/>
                        <line branch="false" hits="8" number="267"/>
                        <line branch="false" hits="6" number="278"/>
                        <line branch="false" hits="6" number="279"/>
                        <line branch="false" hits="6" number="280"/>
                        <line branch="false" hits="12" number="293"/>
                        <line branch="false" hits="12" number="294"/>
                        <line branch="false" hits="12" number="295"/>
                        <line branch="false" hits="12" number="296"/>
                        <line branch="false" hits="12" number="297"/>
                        <line branch="false" hits="12" number="298"/>
                        <line branch="false" hits="12" number="299"/>
                        <line branch="false" hits="30" number="300"/>
                        <line branch="false" hits="12" number="301"/>
                        <line branch="false" hits="12" number="302"/>
                        <line branch="false" hits="0" number="314"/>
                        <line branch="false" hits="0" number="317"/>
                        <line branch="false" hits="0" number="318"/>
                        <line branch="false" hits="0" number="319"/>
                        <line branch="false" hits="0" number="320"/>
                        <line branch="false" hits="0" number="323"/>
                        <line branch="false" hits="0" number="327"/>
                        <line branch="false" hits="0" number="328"/>
                        <line branch="false" hits="0" number="330"/>
                        <line branch="false" hits="0" number="331"/>
                        <line branch="false" hits="0" number="332"/>
                        <line branch="false" hits="0" number="333"/>
                        <line branch="false" hits="0" number="334"/>
                        <line branch="false" hits="0" number="335"/>
                        <line branch="false" hits="0" number="338"/>
                        <line branch="false" hits="0" number="340"/>
                        <line branch="false" hits="0" number="341"/>
                        <line branch="false" hits="0" number="343"/>
                        <line branch="false" hits="0" number="344"/>
                        <line branch="false" hits="0" number="345"/>
                        <line branch="false" hits="0" number="346"/>
                        <line branch="false" hits="0" number="347"/>
                        <line branch="false" hits="0" number="348"/>
                        <line branch="false" hits="0" number="350"/>
                        <line branch="false" hits="0" number="354"/>
                        <line branch="false" hits="0" number="357"/>
                        <line branch="false" hits="0" number="358"/>
                        <line branch="false" hits="0" number="361"/>
                        <line branch="false" hits="0" number="362"/>
                        <line branch="false" hits="0" number="367"/>
                        <line branch="false" hits="0" number="368"/>
                        <line branch="false" hits="0" number="369"/>
                        <line branch="false" hits="0" number="371"/>
                        <line branch="false" hits="0" number="374"/>
                        <line branch="false" hits="0" number="375"/>
                        <line branch="false" hits="0" number="376"/>
                        <line branch="false" hits="0" number="377"/>
                        <line branch="false" hits="0" number="378"/>
                        <line branch="false" hits="0" number="381"/>
                        <line branch="false" hits="0" number="382"/>
                        <line branch="false" hits="0" number="383"/>
                        <line branch="false" hits="0" number="384"/>
                        <line branch="false" hits="0" number="387"/>
                        <line branch="false" hits="0" number="404"/>
                        <line branch="false" hits="0" number="405"/>
                        <line branch="false" hits="0" number="406"/>
                        <line branch="false" hits="0" number="407"/>
                        <line branch="false" hits="0" number="408"/>
                        <line branch="false" hits="0" number="409"/>
                        <line branch="false" hits="0" number="410"/>
                        <line branch="false" hits="0" number="411"/>
                        <line branch="false" hits="0" number="412"/>
                        <line branch="false" hits="0" number="413"/>
                        <line branch="false" hits="0" number="414"/>
                        <line branch="false" hits="0" number="415"/>
                        <line branch="false" hits="0" number="416"/>
                        <line branch="false" hits="0" number="417"/>
                        <line branch="false" hits="0" number="418"/>
                        <line branch="false" hits="0" number="419"/>
                        <line branch="false" hits="0" number="420"/>
                        <line branch="false" hits="0" number="421"/>
                        <line branch="false" hits="0" number="422"/>
                        <line branch="false" hits="0" number="424"/>
                        <line branch="false" hits="0" number="427"/>
                        <line branch="false" hits="0" number="430"/>
                        <line branch="false" hits="0" number="431"/>
                        <line branch="false" hits="0" number="433"/>
                        <line branch="false" hits="0" number="435"/>
                        <line branch="false" hits="0" number="436"/>
                        <line branch="false" hits="0" number="439"/>
                        <line branch="false" hits="0" number="440"/>
                        <line branch="false" hits="0" number="441"/>
                        <line branch="false" hits="0" number="442"/>
                        <line branch="false" hits="0" number="443"/>
                        <line branch="false" hits="0" number="447"/>
                        <line branch="false" hits="0" number="449"/>
                        <line branch="false" hits="0" number="454"/>
                        <line branch="false" hits="0" number="455"/>
                        <line branch="false" hits="0" number="456"/>
                        <line branch="false" hits="0" number="459"/>
                        <line branch="false" hits="0" number="460"/>
                    </lines>
                </class>
            </classes>
        </package>
    </packages>
</coverage>