<?xml version="1.0" ?>
<!DOCTYPE coverage SYSTEM "https://cobertura.sourceforge.net/xml/coverage-04.dtd">
<coverage branch-rate="0" branches-covered="0" branches-valid="0" complexity="0" line-rate="0.2604482132041187" lines-covered="430" lines-valid="1651" timestamp="1762026513" version="2.0.3">
    <sources>
        <source>D:\a\csshw\csshw</source>
    </sources>
    <packages>
        <package line-rate="0.3165137614678899" branch-rate="0" name="src.client" complexity="0">
            <classes>
                <class branch-rate="0" complexity="0" filename="src\client\mod.rs" line-rate="0.3165137614678899" name="src.client.mod.rs">
                    <methods>
                        <method name="csshw_lib::client::main_with_api::{closure#0}::{closure#2}::{closure#0}" signature="" complexity="0" line-rate="0" branch-rate="0">
                            <lines>
                                <line hits="0" number="443" branch="false"/>
                            </lines>
                        </method>
                        <method name="csshw_lib::client::main_with_api::{closure#0}::{closure#1}::{closure#0}" signature="" complexity="0" line-rate="0" branch-rate="0">
                            <lines>
                                <line hits="0" number="417" branch="false"/>
                            </lines>
                        </method>
                        <method name="csshw_lib::client::main_with_api::{closure#0}::{closure#0}" signature="" complexity="0" line-rate="0" branch-rate="0">
                            <lines>
                                <line hits="0" number="411" branch="false"/>
                            </lines>
                        </method>
                        <method name="csshw_lib::client::main_with_api::{closure#0}::{closure#2}" signature="" complexity="0" line-rate="0" branch-rate="0">
                            <lines>
                                <line hits="0" number="438" branch="false"/>
                            </lines>
                        </method>
                        <method name="csshw_lib::client::main_with_api::{closure#0}::{closure#3}" signature="" complexity="0" line-rate="0" branch-rate="0">
                            <lines>
                                <line hits="0" number="451" branch="false"/>
                            </lines>
                        </method>
                        <method name="csshw_lib::client::main_with_api::{closure#0}::{closure#4}" signature="" complexity="0" line-rate="0" branch-rate="0">
                            <lines>
                                <line hits="0" number="467" branch="false"/>
                            </lines>
                        </method>
                        <method name="csshw_lib::client::main_with_api::{closure#0}::{closure#1}" signature="" complexity="0" line-rate="0" branch-rate="0">
                            <lines>
                                <line hits="0" number="414" branch="false"/>
                            </lines>
                        </method>
                        <method name="csshw_lib::client::launch_ssh_process::{closure#0}::{closure#0}" signature="" complexity="0" line-rate="0" branch-rate="0">
                            <lines>
                                <line hits="0" number="176" branch="false"/>
                            </lines>
                        </method>
                        <method name="csshw_lib::client::run::{closure#0}::{closure#0}" signature="" complexity="0" line-rate="0" branch-rate="0">
                            <lines>
                                <line hits="0" number="330" branch="false"/>
                            </lines>
                        </method>
                        <method name="csshw_lib::client::main_with_api::{closure#0}" signature="" complexity="0" line-rate="0" branch-rate="0">
                            <lines>
                                <line hits="0" number="408" branch="false"/>
                            </lines>
                        </method>
                        <method name="csshw_lib::client::read_write_loop::{closure#0}" signature="" complexity="0" line-rate="0" branch-rate="0">
                            <lines>
                                <line hits="0" number="212" branch="false"/>
                            </lines>
                        </method>
                        <method name="csshw_lib::client::launch_ssh_process::{closure#0}" signature="" complexity="0" line-rate="0" branch-rate="0">
                            <lines>
                                <line hits="0" number="171" branch="false"/>
                            </lines>
                        </method>
                        <method name="csshw_lib::client::replace_argument_placeholders::{closure#0}" signature="" complexity="0" line-rate="1" branch-rate="1">
                            <lines>
                                <line hits="30" number="296" branch="false"/>
                            </lines>
                        </method>
                        <method name="csshw_lib::client::run::{closure#0}" signature="" complexity="0" line-rate="0" branch-rate="0">
                            <lines>
                                <line hits="0" number="311" branch="false"/>
                            </lines>
                        </method>
                        <method name="csshw_lib::client::main::{closure#0}" signature="" complexity="0" line-rate="0" branch-rate="0">
                            <lines>
                                <line hits="0" number="494" branch="false"/>
                            </lines>
                        </method>
                        <method name="csshw_lib::client::main_with_api" signature="" complexity="0" line-rate="0" branch-rate="0">
                            <lines>
                                <line hits="0" number="402" branch="false"/>
                            </lines>
                        </method>
                        <method name="csshw_lib::client::read_write_loop" signature="" complexity="0" line-rate="0" branch-rate="0">
                            <lines>
                                <line hits="0" number="208" branch="false"/>
                            </lines>
                        </method>
                        <method name="csshw_lib::client::resolve_username" signature="" complexity="0" line-rate="1" branch-rate="1">
                            <lines>
                                <line hits="12" number="95" branch="false"/>
                            </lines>
                        </method>
                        <method name="csshw_lib::client::launch_ssh_process" signature="" complexity="0" line-rate="0" branch-rate="0">
                            <lines>
                                <line hits="0" number="166" branch="false"/>
                            </lines>
                        </method>
                        <method name="csshw_lib::client::build_ssh_arguments" signature="" complexity="0" line-rate="1" branch-rate="1">
                            <lines>
                                <line hits="12" number="128" branch="false"/>
                            </lines>
                        </method>
                        <method name="csshw_lib::client::write_console_input" signature="" complexity="0" line-rate="1" branch-rate="1">
                            <lines>
                                <line hits="3" number="64" branch="false"/>
                            </lines>
                        </method>
                        <method name="csshw_lib::client::is_keep_alive_packet" signature="" complexity="0" line-rate="1" branch-rate="1">
                            <lines>
                                <line hits="6" number="274" branch="false"/>
                            </lines>
                        </method>
                        <method name="csshw_lib::client::is_alt_shift_c_combination" signature="" complexity="0" line-rate="1" branch-rate="1">
                            <lines>
                                <line hits="8" number="258" branch="false"/>
                            </lines>
                        </method>
                        <method name="csshw_lib::client::replace_argument_placeholders" signature="" complexity="0" line-rate="1" branch-rate="1">
                            <lines>
                                <line hits="12" number="289" branch="false"/>
                            </lines>
                        </method>
                        <method name="csshw_lib::client::run" signature="" complexity="0" line-rate="0" branch-rate="0">
                            <lines>
                                <line hits="0" number="311" branch="false"/>
                            </lines>
                        </method>
                        <method name="csshw_lib::client::main" signature="" complexity="0" line-rate="0" branch-rate="0">
                            <lines>
                                <line hits="0" number="489" branch="false"/>
                            </lines>
                        </method>
                    </methods>
                    <lines>
                        <line branch="false" hits="3" number="64"/>
                        <line branch="false" hits="3" number="65"/>
                        <line branch="false" hits="3" number="66"/>
                        <line branch="false" hits="3" number="67"/>
                        <line branch="false" hits="3" number="68"/>
                        <line branch="false" hits="3" number="69"/>
                        <line branch="false" hits="3" number="70"/>
                        <line branch="false" hits="2" number="72"/>
                        <line branch="false" hits="1" number="73"/>
                        <line branch="false" hits="1" number="74"/>
                        <line branch="false" hits="1" number="75"/>
                        <line branch="false" hits="1" number="78"/>
                        <line branch="false" hits="1" number="79"/>
                        <line branch="false" hits="3" number="82"/>
                        <line branch="false" hits="12" number="95"/>
                        <line branch="false" hits="12" number="96"/>
                        <line branch="false" hits="8" number="97"/>
                        <line branch="false" hits="4" number="98"/>
                        <line branch="false" hits="4" number="100"/>
                        <line branch="false" hits="4" number="101"/>
                        <line branch="false" hits="4" number="102"/>
                        <line branch="false" hits="2" number="103"/>
                        <line branch="false" hits="2" number="104"/>
                        <line branch="false" hits="2" number="105"/>
                        <line branch="false" hits="2" number="106"/>
                        <line branch="false" hits="2" number="107"/>
                        <line branch="false" hits="2" number="108"/>
                        <line branch="false" hits="2" number="109"/>
                        <line branch="false" hits="4" number="110"/>
                        <line branch="false" hits="4" number="111"/>
                        <line branch="false" hits="4" number="112"/>
                        <line branch="false" hits="4" number="113"/>
                        <line branch="false" hits="12" number="114"/>
                        <line branch="false" hits="12" number="128"/>
                        <line branch="false" hits="12" number="129"/>
                        <line branch="false" hits="12" number="130"/>
                        <line branch="false" hits="12" number="131"/>
                        <line branch="false" hits="12" number="132"/>
                        <line branch="false" hits="12" number="133"/>
                        <line branch="false" hits="12" number="134"/>
                        <line branch="false" hits="12" number="136"/>
                        <line branch="false" hits="12" number="137"/>
                        <line branch="false" hits="12" number="138"/>
                        <line branch="false" hits="12" number="139"/>
                        <line branch="false" hits="12" number="143"/>
                        <line branch="false" hits="9" number="144"/>
                        <line branch="false" hits="9" number="145"/>
                        <line branch="false" hits="9" number="146"/>
                        <line branch="false" hits="12" number="148"/>
                        <line branch="false" hits="12" number="149"/>
                        <line branch="false" hits="0" number="166"/>
                        <line branch="false" hits="0" number="167"/>
                        <line branch="false" hits="0" number="168"/>
                        <line branch="false" hits="0" number="169"/>
                        <line branch="false" hits="0" number="170"/>
                        <line branch="false" hits="0" number="171"/>
                        <line branch="false" hits="0" number="172"/>
                        <line branch="false" hits="0" number="173"/>
                        <line branch="false" hits="0" number="174"/>
                        <line branch="false" hits="0" number="175"/>
                        <line branch="false" hits="0" number="176"/>
                        <line branch="false" hits="0" number="177"/>
                        <line branch="false" hits="0" number="178"/>
                        <line branch="false" hits="0" number="179"/>
                        <line branch="false" hits="0" number="180"/>
                        <line branch="false" hits="0" number="184"/>
                        <line branch="false" hits="0" number="185"/>
                        <line branch="false" hits="0" number="208"/>
                        <line branch="false" hits="0" number="209"/>
                        <line branch="false" hits="0" number="210"/>
                        <line branch="false" hits="0" number="211"/>
                        <line branch="false" hits="0" number="212"/>
                        <line branch="false" hits="0" number="213"/>
                        <line branch="false" hits="0" number="214"/>
                        <line branch="false" hits="0" number="215"/>
                        <line branch="false" hits="0" number="220"/>
                        <line branch="false" hits="0" number="222"/>
                        <line branch="false" hits="0" number="223"/>
                        <line branch="false" hits="0" number="224"/>
                        <line branch="false" hits="0" number="225"/>
                        <line branch="false" hits="0" number="226"/>
                        <line branch="false" hits="0" number="227"/>
                        <line branch="false" hits="0" number="228"/>
                        <line branch="false" hits="0" number="229"/>
                        <line branch="false" hits="0" number="230"/>
                        <line branch="false" hits="0" number="231"/>
                        <line branch="false" hits="0" number="232"/>
                        <line branch="false" hits="0" number="234"/>
                        <line branch="false" hits="0" number="235"/>
                        <line branch="false" hits="0" number="236"/>
                        <line branch="false" hits="0" number="237"/>
                        <line branch="false" hits="0" number="239"/>
                        <line branch="false" hits="0" number="240"/>
                        <line branch="false" hits="0" number="242"/>
                        <line branch="false" hits="0" number="243"/>
                        <line branch="false" hits="0" number="244"/>
                        <line branch="false" hits="0" number="247"/>
                        <line branch="false" hits="8" number="258"/>
                        <line branch="false" hits="8" number="259"/>
                        <line branch="false" hits="3" number="260"/>
                        <line branch="false" hits="6" number="261"/>
                        <line branch="false" hits="5" number="262"/>
                        <line branch="false" hits="8" number="263"/>
                        <line branch="false" hits="6" number="274"/>
                        <line branch="false" hits="6" number="275"/>
                        <line branch="false" hits="6" number="276"/>
                        <line branch="false" hits="12" number="289"/>
                        <line branch="false" hits="12" number="290"/>
                        <line branch="false" hits="12" number="291"/>
                        <line branch="false" hits="12" number="292"/>
                        <line branch="false" hits="12" number="293"/>
                        <line branch="false" hits="12" number="294"/>
                        <line branch="false" hits="12" number="295"/>
                        <line branch="false" hits="30" number="296"/>
                        <line branch="false" hits="12" number="297"/>
                        <line branch="false" hits="12" number="298"/>
                        <line branch="false" hits="0" number="311"/>
                        <line branch="false" hits="0" number="314"/>
                        <line branch="false" hits="0" number="315"/>
                        <line branch="false" hits="0" number="316"/>
                        <line branch="false" hits="0" number="317"/>
                        <line branch="false" hits="0" number="320"/>
                        <line branch="false" hits="0" number="324"/>
                        <line branch="false" hits="0" number="325"/>
                        <line branch="false" hits="0" number="327"/>
                        <line branch="false" hits="0" number="328"/>
                        <line branch="false" hits="0" number="329"/>
                        <line branch="false" hits="0" number="330"/>
                        <line branch="false" hits="0" number="331"/>
                        <line branch="false" hits="0" number="332"/>
                        <line branch="false" hits="0" number="335"/>
                        <line branch="false" hits="0" number="337"/>
                        <line branch="false" hits="0" number="338"/>
                        <line branch="false" hits="0" number="340"/>
                        <line branch="false" hits="0" number="341"/>
                        <line branch="false" hits="0" number="342"/>
                        <line branch="false" hits="0" number="343"/>
                        <line branch="false" hits="0" number="344"/>
                        <line branch="false" hits="0" number="345"/>
                        <line branch="false" hits="0" number="347"/>
                        <line branch="false" hits="0" number="351"/>
                        <line branch="false" hits="0" number="354"/>
                        <line branch="false" hits="0" number="355"/>
                        <line branch="false" hits="0" number="358"/>
                        <line branch="false" hits="0" number="359"/>
                        <line branch="false" hits="0" number="364"/>
                        <line branch="false" hits="0" number="365"/>
                        <line branch="false" hits="0" number="366"/>
                        <line branch="false" hits="0" number="368"/>
                        <line branch="false" hits="0" number="371"/>
                        <line branch="false" hits="0" number="372"/>
                        <line branch="false" hits="0" number="373"/>
                        <line branch="false" hits="0" number="374"/>
                        <line branch="false" hits="0" number="375"/>
                        <line branch="false" hits="0" number="378"/>
                        <line branch="false" hits="0" number="379"/>
                        <line branch="false" hits="0" number="380"/>
                        <line branch="false" hits="0" number="381"/>
                        <line branch="false" hits="0" number="384"/>
                        <line branch="false" hits="0" number="402"/>
                        <line branch="false" hits="0" number="403"/>
                        <line branch="false" hits="0" number="404"/>
                        <line branch="false" hits="0" number="405"/>
                        <line branch="false" hits="0" number="406"/>
                        <line branch="false" hits="0" number="407"/>
                        <line branch="false" hits="0" number="408"/>
                        <line branch="false" hits="0" number="409"/>
                        <line branch="false" hits="0" number="410"/>
                        <line branch="false" hits="0" number="411"/>
                        <line branch="false" hits="0" number="412"/>
                        <line branch="false" hits="0" number="413"/>
                        <line branch="false" hits="0" number="414"/>
                        <line branch="false" hits="0" number="415"/>
                        <line branch="false" hits="0" number="416"/>
                        <line branch="false" hits="0" number="417"/>
                        <line branch="false" hits="0" number="418"/>
                        <line branch="false" hits="0" number="419"/>
                        <line branch="false" hits="0" number="420"/>
                        <line branch="false" hits="0" number="421"/>
                        <line branch="false" hits="0" number="423"/>
                        <line branch="false" hits="0" number="426"/>
                        <line branch="false" hits="0" number="429"/>
                        <line branch="false" hits="0" number="430"/>
                        <line branch="false" hits="0" number="432"/>
                        <line branch="false" hits="0" number="434"/>
                        <line branch="false" hits="0" number="435"/>
                        <line branch="false" hits="0" number="436"/>
                        <line branch="false" hits="0" number="437"/>
                        <line branch="false" hits="0" number="438"/>
                        <line branch="false" hits="0" number="441"/>
                        <line branch="false" hits="0" number="442"/>
                        <line branch="false" hits="0" number="443"/>
                        <line branch="false" hits="0" number="444"/>
                        <line branch="false" hits="0" number="445"/>
                        <line branch="false" hits="0" number="446"/>
                        <line branch="false" hits="0" number="447"/>
                        <line branch="false" hits="0" number="451"/>
                        <line branch="false" hits="0" number="452"/>
                        <line branch="false" hits="0" number="453"/>
                        <line branch="false" hits="0" number="454"/>
                        <line branch="false" hits="0" number="455"/>
                        <line branch="false" hits="0" number="458"/>
                        <line branch="false" hits="0" number="459"/>
                        <line branch="false" hits="0" number="460"/>
                        <line branch="false" hits="0" number="461"/>
                        <line branch="false" hits="0" number="467"/>
                        <line branch="false" hits="0" number="468"/>
                        <line branch="false" hits="0" number="469"/>
                        <line branch="false" hits="0" number="471"/>
                        <line branch="false" hits="0" number="472"/>
                        <line branch="false" hits="0" number="489"/>
                        <line branch="false" hits="0" number="490"/>
                        <line branch="false" hits="0" number="491"/>
                        <line branch="false" hits="0" number="492"/>
                        <line branch="false" hits="0" number="493"/>
                        <line branch="false" hits="0" number="494"/>
                        <line branch="false" hits="0" number="495"/>
                        <line branch="false" hits="0" number="496"/>
                    </lines>
                </class>
            </classes>
        </package>
        <package line-rate="1" branch-rate="0" name="src.serde" complexity="0">
            <classes>
                <class branch-rate="0" complexity="0" filename="src\serde\serialization.rs" line-rate="1" name="src.serde.serialization.rs">
                    <methods>
                        <method name="csshw_lib::serde::serialization::serialize_input_record_0" signature="" complexity="0" line-rate="1" branch-rate="1">
                            <lines>
                                <line hits="1" number="43" branch="false"/>
                            </lines>
                        </method>
                        <method name="csshw_lib::serde::serialization::serialize_key_event_record" signature="" complexity="0" line-rate="1" branch-rate="1">
                            <lines>
                                <line hits="2" number="16" branch="false"/>
                            </lines>
                        </method>
                        <method name="csshw_lib::serde::serialization::serialize_key_event_record_0" signature="" complexity="0" line-rate="1" branch-rate="1">
                            <lines>
                                <line hits="1" number="8" branch="false"/>
                            </lines>
                        </method>
                    </methods>
                    <lines>
                        <line branch="false" hits="1" number="8"/>
                        <line branch="false" hits="1" number="9"/>
                        <line branch="false" hits="1" number="10"/>
                        <line branch="false" hits="2" number="16"/>
                        <line branch="false" hits="2" number="17"/>
                        <line branch="false" hits="2" number="20"/>
                        <line branch="false" hits="2" number="23"/>
                        <line branch="false" hits="2" number="26"/>
                        <line branch="false" hits="2" number="29"/>
                        <line branch="false" hits="2" number="32"/>
                        <line branch="false" hits="2" number="35"/>
                        <line branch="false" hits="2" number="37"/>
                        <line branch="false" hits="2" number="38"/>
                        <line branch="false" hits="1" number="43"/>
                        <line branch="false" hits="1" number="44"/>
                        <line branch="false" hits="1" number="45"/>
                    </lines>
                </class>
                <class branch-rate="0" complexity="0" filename="src\serde\deserialization.rs" line-rate="1" name="src.serde.deserialization.rs">
                    <methods>
                        <method name="csshw_lib::serde::deserialization::deserialize_input_record_0" signature="" complexity="0" line-rate="1" branch-rate="1">
                            <lines>
                                <line hits="1" number="46" branch="false"/>
                            </lines>
                        </method>
                        <method name="csshw_lib::serde::deserialization::deserialize_key_event_record" signature="" complexity="0" line-rate="1" branch-rate="1">
                            <lines>
                                <line hits="2" number="24" branch="false"/>
                            </lines>
                        </method>
                        <method name="csshw_lib::serde::deserialization::deserialize_key_event_record_0" signature="" complexity="0" line-rate="1" branch-rate="1">
                            <lines>
                                <line hits="1" number="11" branch="false"/>
                            </lines>
                        </method>
                    </methods>
                    <lines>
                        <line branch="false" hits="1" number="11"/>
                        <line branch="false" hits="1" number="12"/>
                        <line branch="false" hits="1" number="13"/>
                        <line branch="false" hits="1" number="14"/>
                        <line branch="false" hits="1" number="15"/>
                        <line branch="false" hits="2" number="24"/>
                        <line branch="false" hits="2" number="25"/>
                        <line branch="false" hits="2" number="26"/>
                        <line branch="false" hits="2" number="27"/>
                        <line branch="false" hits="2" number="28"/>
                        <line branch="false" hits="2" number="29"/>
                        <line branch="false" hits="2" number="30"/>
                        <line branch="false" hits="2" number="31"/>
                        <line branch="false" hits="2" number="32"/>
                        <line branch="false" hits="2" number="33"/>
                        <line branch="false" hits="2" number="34"/>
                        <line branch="false" hits="2" number="35"/>
                        <line branch="false" hits="2" number="36"/>
                        <line branch="false" hits="2" number="37"/>
                        <line branch="false" hits="2" number="38"/>
                        <line branch="false" hits="2" number="39"/>
                        <line branch="false" hits="2" number="40"/>
                        <line branch="false" hits="2" number="41"/>
                        <line branch="false" hits="1" number="46"/>
                        <line branch="false" hits="1" number="47"/>
                        <line branch="false" hits="1" number="48"/>
                        <line branch="false" hits="1" number="49"/>
                        <line branch="false" hits="1" number="50"/>
                        <line branch="false" hits="1" number="51"/>
                    </lines>
                </class>
            </classes>
        </package>
        <package line-rate="0.18695652173913044" branch-rate="0" name="src.utils" complexity="0">
            <classes>
                <class branch-rate="0" complexity="0" filename="src\utils\config.rs" line-rate="0.9125" name="src.utils.config.rs">
                    <methods>
                        <method name="&lt;csshw_lib::utils::config::Config as core::convert::From&lt;csshw_lib::utils::config::ConfigOpt&gt;&gt;::from" signature="" complexity="0" line-rate="1" branch-rate="1">
                            <lines>
                                <line hits="7" number="46" branch="false"/>
                            </lines>
                        </method>
                        <method name="&lt;csshw_lib::utils::config::ClientConfig as core::default::Default&gt;::default" signature="" complexity="0" line-rate="1" branch-rate="1">
                            <lines>
                                <line hits="29" number="118" branch="false"/>
                            </lines>
                        </method>
                        <method name="&lt;csshw_lib::utils::config::ClientConfigOpt as core::default::Default&gt;::default" signature="" complexity="0" line-rate="1" branch-rate="1">
                            <lines>
                                <line hits="6" number="146" branch="false"/>
                            </lines>
                        </method>
                        <method name="&lt;csshw_lib::utils::config::ClientConfig as core::convert::From&lt;csshw_lib::utils::config::ClientConfigOpt&gt;&gt;::from" signature="" complexity="0" line-rate="1" branch-rate="1">
                            <lines>
                                <line hits="10" number="153" branch="false"/>
                            </lines>
                        </method>
                        <method name="&lt;csshw_lib::utils::config::ClientConfigOpt as core::convert::From&lt;csshw_lib::utils::config::ClientConfig&gt;&gt;::from" signature="" complexity="0" line-rate="1" branch-rate="1">
                            <lines>
                                <line hits="6" number="168" branch="false"/>
                            </lines>
                        </method>
                        <method name="&lt;csshw_lib::utils::config::DaemonConfig as core::default::Default&gt;::default" signature="" complexity="0" line-rate="1" branch-rate="1">
                            <lines>
                                <line hits="28" number="229" branch="false"/>
                            </lines>
                        </method>
                        <method name="&lt;csshw_lib::utils::config::DaemonConfigOpt as core::default::Default&gt;::default" signature="" complexity="0" line-rate="1" branch-rate="1">
                            <lines>
                                <line hits="5" number="257" branch="false"/>
                            </lines>
                        </method>
                        <method name="&lt;csshw_lib::utils::config::DaemonConfig as core::convert::From&lt;csshw_lib::utils::config::DaemonConfigOpt&gt;&gt;::from" signature="" complexity="0" line-rate="1" branch-rate="1">
                            <lines>
                                <line hits="10" number="264" branch="false"/>
                            </lines>
                        </method>
                        <method name="&lt;csshw_lib::utils::config::DaemonConfigOpt as core::convert::From&lt;csshw_lib::utils::config::DaemonConfig&gt;&gt;::from" signature="" complexity="0" line-rate="1" branch-rate="1">
                            <lines>
                                <line hits="5" number="278" branch="false"/>
                            </lines>
                        </method>
                        <method name="&lt;csshw_lib::utils::config::ConfigOpt as core::convert::From&lt;csshw_lib::utils::config::Config&gt;&gt;::from" signature="" complexity="0" line-rate="0" branch-rate="0">
                            <lines>
                                <line hits="0" number="57" branch="false"/>
                            </lines>
                        </method>
                    </methods>
                    <lines>
                        <line branch="false" hits="7" number="46"/>
                        <line branch="false" hits="7" number="47"/>
                        <line branch="false" hits="7" number="48"/>
                        <line branch="false" hits="7" number="49"/>
                        <line branch="false" hits="7" number="50"/>
                        <line branch="false" hits="7" number="51"/>
                        <line branch="false" hits="7" number="52"/>
                        <line branch="false" hits="0" number="57"/>
                        <line branch="false" hits="0" number="58"/>
                        <line branch="false" hits="0" number="59"/>
                        <line branch="false" hits="0" number="60"/>
                        <line branch="false" hits="0" number="61"/>
                        <line branch="false" hits="0" number="62"/>
                        <line branch="false" hits="0" number="63"/>
                        <line branch="false" hits="29" number="118"/>
                        <line branch="false" hits="29" number="119"/>
                        <line branch="false" hits="29" number="120"/>
                        <line branch="false" hits="29" number="121"/>
                        <line branch="false" hits="29" number="122"/>
                        <line branch="false" hits="29" number="123"/>
                        <line branch="false" hits="29" number="124"/>
                        <line branch="false" hits="29" number="125"/>
                        <line branch="false" hits="29" number="126"/>
                        <line branch="false" hits="29" number="127"/>
                        <line branch="false" hits="29" number="128"/>
                        <line branch="false" hits="6" number="146"/>
                        <line branch="false" hits="6" number="147"/>
                        <line branch="false" hits="6" number="148"/>
                        <line branch="false" hits="10" number="153"/>
                        <line branch="false" hits="10" number="154"/>
                        <line branch="false" hits="10" number="155"/>
                        <line branch="false" hits="10" number="156"/>
                        <line branch="false" hits="10" number="157"/>
                        <line branch="false" hits="10" number="158"/>
                        <line branch="false" hits="10" number="159"/>
                        <line branch="false" hits="10" number="160"/>
                        <line branch="false" hits="10" number="161"/>
                        <line branch="false" hits="10" number="162"/>
                        <line branch="false" hits="10" number="163"/>
                        <line branch="false" hits="6" number="168"/>
                        <line branch="false" hits="6" number="169"/>
                        <line branch="false" hits="6" number="170"/>
                        <line branch="false" hits="6" number="171"/>
                        <line branch="false" hits="6" number="172"/>
                        <line branch="false" hits="6" number="173"/>
                        <line branch="false" hits="6" number="174"/>
                        <line branch="false" hits="6" number="175"/>
                        <line branch="false" hits="28" number="229"/>
                        <line branch="false" hits="28" number="230"/>
                        <line branch="false" hits="28" number="231"/>
                        <line branch="false" hits="28" number="232"/>
                        <line branch="false" hits="28" number="233"/>
                        <line branch="false" hits="28" number="234"/>
                        <line branch="false" hits="28" number="235"/>
                        <line branch="false" hits="28" number="236"/>
                        <line branch="false" hits="28" number="237"/>
                        <line branch="false" hits="28" number="238"/>
                        <line branch="false" hits="28" number="239"/>
                        <line branch="false" hits="28" number="240"/>
                        <line branch="false" hits="28" number="241"/>
                        <line branch="false" hits="5" number="257"/>
                        <line branch="false" hits="5" number="258"/>
                        <line branch="false" hits="5" number="259"/>
                        <line branch="false" hits="10" number="264"/>
                        <line branch="false" hits="10" number="265"/>
                        <line branch="false" hits="10" number="266"/>
                        <line branch="false" hits="10" number="267"/>
                        <line branch="false" hits="10" number="268"/>
                        <line branch="false" hits="10" number="269"/>
                        <line branch="false" hits="10" number="270"/>
                        <line branch="false" hits="10" number="271"/>
                        <line branch="false" hits="10" number="272"/>
                        <line branch="false" hits="10" number="273"/>
                        <line branch="false" hits="5" number="278"/>
                        <line branch="false" hits="5" number="279"/>
                        <line branch="false" hits="5" number="280"/>
                        <line branch="false" hits="5" number="281"/>
                        <line branch="false" hits="5" number="282"/>
                        <line branch="false" hits="5" number="283"/>
                        <line branch="false" hits="5" number="284"/>
                    </lines>
                </class>
                <class branch-rate="0" complexity="0" filename="src\utils\debug.rs" line-rate="0" name="src.utils.debug.rs">
                    <methods>
                        <method name="&lt;windows::Win32::System::Console::KEY_EVENT_RECORD_0 as csshw_lib::utils::debug::StringRepr&gt;::string_repr" signature="" complexity="0" line-rate="0" branch-rate="0">
                            <lines>
                                <line hits="0" number="21" branch="false"/>
                            </lines>
                        </method>
                        <method name="&lt;windows::Win32::System::Console::INPUT_RECORD_0 as csshw_lib::utils::debug::StringRepr&gt;::string_repr" signature="" complexity="0" line-rate="0" branch-rate="0">
                            <lines>
                                <line hits="0" number="51" branch="false"/>
                            </lines>
                        </method>
                        <method name="&lt;windows::Win32::System::Console::KEY_EVENT_RECORD as csshw_lib::utils::debug::StringRepr&gt;::string_repr" signature="" complexity="0" line-rate="0" branch-rate="0">
                            <lines>
                                <line hits="0" number="31" branch="false"/>
                            </lines>
                        </method>
                    </methods>
                    <lines>
                        <line branch="false" hits="0" number="21"/>
                        <line branch="false" hits="0" number="22"/>
                        <line branch="false" hits="0" number="23"/>
                        <line branch="false" hits="0" number="31"/>
                        <line branch="false" hits="0" number="32"/>
                        <line branch="false" hits="0" number="33"/>
                        <line branch="false" hits="0" number="34"/>
                        <line branch="false" hits="0" number="35"/>
                        <line branch="false" hits="0" number="36"/>
                        <line branch="false" hits="0" number="37"/>
                        <line branch="false" hits="0" number="38"/>
                        <line branch="false" hits="0" number="39"/>
                        <line branch="false" hits="0" number="40"/>
                        <line branch="false" hits="0" number="41"/>
                        <line branch="false" hits="0" number="51"/>
                        <line branch="false" hits="0" number="52"/>
                        <line branch="false" hits="0" number="53"/>
                    </lines>
                </class>
                <class branch-rate="0" complexity="0" filename="src\utils\windows.rs" line-rate="0.03581267217630854" name="src.utils.windows.rs">
                    <methods>
                        <method name="csshw_lib::utils::windows::get_std_handle::{closure#0}" signature="" complexity="0" line-rate="0" branch-rate="0">
                            <lines>
                                <line hits="0" number="1027" branch="false"/>
                            </lines>
                        </method>
                        <method name="csshw_lib::utils::windows::utf16_buffer_to_string::{closure#0}" signature="" complexity="0" line-rate="0" branch-rate="0">
                            <lines>
                                <line hits="0" number="982" branch="false"/>
                            </lines>
                        </method>
                        <method name="csshw_lib::utils::windows::utf16_buffer_to_string::{closure#1}" signature="" complexity="0" line-rate="0" branch-rate="0">
                            <lines>
                                <line hits="0" number="984" branch="false"/>
                            </lines>
                        </method>
                        <method name="csshw_lib::utils::windows::clear_screen" signature="" complexity="0" line-rate="0" branch-rate="0">
                            <lines>
                                <line hits="0" number="911" branch="false"/>
                            </lines>
                        </method>
                        <method name="csshw_lib::utils::windows::is_windows_10" signature="" complexity="0" line-rate="0" branch-rate="0">
                            <lines>
                                <line hits="0" number="1182" branch="false"/>
                            </lines>
                        </method>
                        <method name="csshw_lib::utils::windows::get_std_handle" signature="" complexity="0" line-rate="0" branch-rate="0">
                            <lines>
                                <line hits="0" number="1024" branch="false"/>
                            </lines>
                        </method>
                        <method name="csshw_lib::utils::windows::arrange_console" signature="" complexity="0" line-rate="0" branch-rate="0">
                            <lines>
                                <line hits="0" number="1152" branch="false"/>
                            </lines>
                        </method>
                        <method name="csshw_lib::utils::windows::get_console_title" signature="" complexity="0" line-rate="0" branch-rate="0">
                            <lines>
                                <line hits="0" number="1008" branch="false"/>
                            </lines>
                        </method>
                        <method name="csshw_lib::utils::windows::set_console_color" signature="" complexity="0" line-rate="0" branch-rate="0">
                            <lines>
                                <line hits="0" number="885" branch="false"/>
                            </lines>
                        </method>
                        <method name="csshw_lib::utils::windows::build_command_line" signature="" complexity="0" line-rate="0" branch-rate="0">
                            <lines>
                                <line hits="0" number="853" branch="false"/>
                            </lines>
                        </method>
                        <method name="csshw_lib::utils::windows::read_console_input" signature="" complexity="0" line-rate="0" branch-rate="0">
                            <lines>
                                <line hits="0" number="1084" branch="false"/>
                            </lines>
                        </method>
                        <method name="csshw_lib::utils::windows::read_keyboard_input" signature="" complexity="0" line-rate="0" branch-rate="0">
                            <lines>
                                <line hits="0" number="1117" branch="false"/>
                            </lines>
                        </method>
                        <method name="csshw_lib::utils::windows::utf16_buffer_to_string" signature="" complexity="0" line-rate="0" branch-rate="0">
                            <lines>
                                <line hits="0" number="978" branch="false"/>
                            </lines>
                        </method>
                        <method name="csshw_lib::utils::windows::get_console_input_buffer" signature="" complexity="0" line-rate="0" branch-rate="0">
                            <lines>
                                <line hits="0" number="1044" branch="false"/>
                            </lines>
                        </method>
                        <method name="csshw_lib::utils::windows::set_console_border_color" signature="" complexity="0" line-rate="0" branch-rate="0">
                            <lines>
                                <line hits="0" number="953" branch="false"/>
                            </lines>
                        </method>
                        <method name="csshw_lib::utils::windows::get_console_output_buffer" signature="" complexity="0" line-rate="0" branch-rate="0">
                            <lines>
                                <line hits="0" number="1061" branch="false"/>
                            </lines>
                        </method>
                        <method name="&lt;csshw_lib::utils::windows::DefaultWindowsApi as csshw_lib::utils::windows::WindowsApi&gt;::get_window_handle_for_process::find_window_callback_with_capture" signature="" complexity="0" line-rate="0" branch-rate="0">
                            <lines>
                                <line hits="0" number="664" branch="false"/>
                            </lines>
                        </method>
                        <method name="&lt;csshw_lib::utils::windows::DefaultWindowsApi as csshw_lib::utils::windows::WindowsApi&gt;::move_window" signature="" complexity="0" line-rate="0" branch-rate="0">
                            <lines>
                                <line hits="0" number="755" branch="false"/>
                            </lines>
                        </method>
                        <method name="&lt;csshw_lib::utils::windows::DefaultWindowsApi as csshw_lib::utils::windows::WindowsApi&gt;::show_window" signature="" complexity="0" line-rate="0" branch-rate="0">
                            <lines>
                                <line hits="0" number="776" branch="false"/>
                            </lines>
                        </method>
                        <method name="&lt;csshw_lib::utils::windows::DefaultWindowsApi as csshw_lib::utils::windows::WindowsApi&gt;::open_process" signature="" complexity="0" line-rate="0" branch-rate="0">
                            <lines>
                                <line hits="0" number="793" branch="false"/>
                            </lines>
                        </method>
                        <method name="&lt;csshw_lib::utils::windows::DefaultWindowsApi as csshw_lib::utils::windows::WindowsApi&gt;::get_exit_code" signature="" complexity="0" line-rate="0" branch-rate="0">
                            <lines>
                                <line hits="0" number="749" branch="false"/>
                            </lines>
                        </method>
                        <method name="&lt;csshw_lib::utils::windows::DefaultWindowsApi as csshw_lib::utils::windows::WindowsApi&gt;::get_last_error" signature="" complexity="0" line-rate="0" branch-rate="0">
                            <lines>
                                <line hits="0" number="627" branch="false"/>
                            </lines>
                        </method>
                        <method name="&lt;csshw_lib::utils::windows::DefaultWindowsApi as csshw_lib::utils::windows::WindowsApi&gt;::get_os_version" signature="" complexity="0" line-rate="0" branch-rate="0">
                            <lines>
                                <line hits="0" number="518" branch="false"/>
                            </lines>
                        </method>
                        <method name="&lt;csshw_lib::utils::windows::DefaultWindowsApi as csshw_lib::utils::windows::WindowsApi&gt;::get_std_handle" signature="" complexity="0" line-rate="1" branch-rate="1">
                            <lines>
                                <line hits="3" number="585" branch="false"/>
                            </lines>
                        </method>
                        <method name="&lt;csshw_lib::utils::windows::DefaultWindowsApi as csshw_lib::utils::windows::WindowsApi&gt;::arrange_console" signature="" complexity="0" line-rate="0" branch-rate="0">
                            <lines>
                                <line hits="0" number="522" branch="false"/>
                            </lines>
                        </method>
                        <method name="&lt;csshw_lib::utils::windows::DefaultWindowsApi as csshw_lib::utils::windows::WindowsApi&gt;::get_console_mode" signature="" complexity="0" line-rate="0" branch-rate="0">
                            <lines>
                                <line hits="0" number="739" branch="false"/>
                            </lines>
                        </method>
                        <method name="&lt;csshw_lib::utils::windows::DefaultWindowsApi as csshw_lib::utils::windows::WindowsApi&gt;::set_console_mode" signature="" complexity="0" line-rate="0" branch-rate="0">
                            <lines>
                                <line hits="0" number="745" branch="false"/>
                            </lines>
                        </method>
                        <method name="&lt;csshw_lib::utils::windows::DefaultWindowsApi as csshw_lib::utils::windows::WindowsApi&gt;::get_console_title" signature="" complexity="0" line-rate="0" branch-rate="0">
                            <lines>
                                <line hits="0" number="514" branch="false"/>
                            </lines>
                        </method>
                        <method name="&lt;csshw_lib::utils::windows::DefaultWindowsApi as csshw_lib::utils::windows::WindowsApi&gt;::get_stdout_handle" signature="" complexity="0" line-rate="1" branch-rate="1">
                            <lines>
                                <line hits="3" number="641" branch="false"/>
                            </lines>
                        </method>
                        <method name="&lt;csshw_lib::utils::windows::DefaultWindowsApi as csshw_lib::utils::windows::WindowsApi&gt;::set_console_title" signature="" complexity="0" line-rate="0" branch-rate="0">
                            <lines>
                                <line hits="0" number="510" branch="false"/>
                            </lines>
                        </method>
                        <method name="&lt;csshw_lib::utils::windows::DefaultWindowsApi as csshw_lib::utils::windows::WindowsApi&gt;::create_process_raw" signature="" complexity="0" line-rate="0" branch-rate="0">
                            <lines>
                                <line hits="0" number="699" branch="false"/>
                            </lines>
                        </method>
                        <method name="&lt;csshw_lib::utils::windows::DefaultWindowsApi as csshw_lib::utils::windows::WindowsApi&gt;::get_console_window" signature="" complexity="0" line-rate="0" branch-rate="0">
                            <lines>
                                <line hits="0" number="722" branch="false"/>
                            </lines>
                        </method>
                        <method name="&lt;csshw_lib::utils::windows::DefaultWindowsApi as csshw_lib::utils::windows::WindowsApi&gt;::get_system_metrics" signature="" complexity="0" line-rate="0" branch-rate="0">
                            <lines>
                                <line hits="0" number="814" branch="false"/>
                            </lines>
                        </method>
                        <method name="&lt;csshw_lib::utils::windows::DefaultWindowsApi as csshw_lib::utils::windows::WindowsApi&gt;::read_console_input" signature="" complexity="0" line-rate="0" branch-rate="0">
                            <lines>
                                <line hits="0" number="589" branch="false"/>
                            </lines>
                        </method>
                        <method name="&lt;csshw_lib::utils::windows::DefaultWindowsApi as csshw_lib::utils::windows::WindowsApi&gt;::write_console_input" signature="" complexity="0" line-rate="0" branch-rate="0">
                            <lines>
                                <line hits="0" number="612" branch="false"/>
                            </lines>
                        </method>
                        <method name="&lt;csshw_lib::utils::windows::DefaultWindowsApi as csshw_lib::utils::windows::WindowsApi&gt;::get_window_placement" signature="" complexity="0" line-rate="0" branch-rate="0">
                            <lines>
                                <line hits="0" number="767" branch="false"/>
                            </lines>
                        </method>
                        <method name="&lt;csshw_lib::utils::windows::DefaultWindowsApi as csshw_lib::utils::windows::WindowsApi&gt;::get_foreground_window" signature="" complexity="0" line-rate="0" branch-rate="0">
                            <lines>
                                <line hits="0" number="726" branch="false"/>
                            </lines>
                        </method>
                        <method name="&lt;csshw_lib::utils::windows::DefaultWindowsApi as csshw_lib::utils::windows::WindowsApi&gt;::set_foreground_window" signature="" complexity="0" line-rate="0" branch-rate="0">
                            <lines>
                                <line hits="0" number="730" branch="false"/>
                            </lines>
                        </method>
                        <method name="&lt;csshw_lib::utils::windows::DefaultWindowsApi as csshw_lib::utils::windows::WindowsApi&gt;::initialize_com_library" signature="" complexity="0" line-rate="0" branch-rate="0">
                            <lines>
                                <line hits="0" number="802" branch="false"/>
                            </lines>
                        </method>
                        <method name="&lt;csshw_lib::utils::windows::DefaultWindowsApi as csshw_lib::utils::windows::WindowsApi&gt;::set_console_border_color" signature="" complexity="0" line-rate="0" branch-rate="0">
                            <lines>
                                <line hits="0" number="601" branch="false"/>
                            </lines>
                        </method>
                        <method name="&lt;csshw_lib::utils::windows::DefaultWindowsApi as csshw_lib::utils::windows::WindowsApi&gt;::set_console_text_attribute" signature="" complexity="0" line-rate="0" branch-rate="0">
                            <lines>
                                <line hits="0" number="532" branch="false"/>
                            </lines>
                        </method>
                        <method name="&lt;csshw_lib::utils::windows::DefaultWindowsApi as csshw_lib::utils::windows::WindowsApi&gt;::generate_console_ctrl_event" signature="" complexity="0" line-rate="0" branch-rate="0">
                            <lines>
                                <line hits="0" number="631" branch="false"/>
                            </lines>
                        </method>
                        <method name="&lt;csshw_lib::utils::windows::DefaultWindowsApi as csshw_lib::utils::windows::WindowsApi&gt;::set_console_cursor_position" signature="" complexity="0" line-rate="0" branch-rate="0">
                            <lines>
                                <line hits="0" number="581" branch="false"/>
                            </lines>
                        </method>
                        <method name="&lt;csshw_lib::utils::windows::DefaultWindowsApi as csshw_lib::utils::windows::WindowsApi&gt;::focus_window_with_automation" signature="" complexity="0" line-rate="0" branch-rate="0">
                            <lines>
                                <line hits="0" number="781" branch="false"/>
                            </lines>
                        </method>
                        <method name="&lt;csshw_lib::utils::windows::DefaultWindowsApi as csshw_lib::utils::windows::WindowsApi&gt;::scroll_console_screen_buffer" signature="" complexity="0" line-rate="0" branch-rate="0">
                            <lines>
                                <line hits="0" number="564" branch="false"/>
                            </lines>
                        </method>
                        <method name="&lt;csshw_lib::utils::windows::DefaultWindowsApi as csshw_lib::utils::windows::WindowsApi&gt;::fill_console_output_attribute" signature="" complexity="0" line-rate="0" branch-rate="0">
                            <lines>
                                <line hits="0" number="545" branch="false"/>
                            </lines>
                        </method>
                        <method name="&lt;csshw_lib::utils::windows::DefaultWindowsApi as csshw_lib::utils::windows::WindowsApi&gt;::get_window_handle_for_process" signature="" complexity="0" line-rate="0" branch-rate="0">
                            <lines>
                                <line hits="0" number="654" branch="false"/>
                            </lines>
                        </method>
                        <method name="&lt;csshw_lib::utils::windows::DefaultWindowsApi as csshw_lib::utils::windows::WindowsApi&gt;::get_console_screen_buffer_info" signature="" complexity="0" line-rate="0" branch-rate="0">
                            <lines>
                                <line hits="0" number="539" branch="false"/>
                            </lines>
                        </method>
                        <method name="&lt;csshw_lib::utils::windows::DefaultWindowsApi as csshw_lib::utils::windows::WindowsApi&gt;::get_console_screen_buffer_info_with_handle" signature="" complexity="0" line-rate="1" branch-rate="1">
                            <lines>
                                <line hits="3" number="645" branch="false"/>
                            </lines>
                        </method>
                        <method name="&lt;csshw_lib::utils::windows::DefaultWindowsApi as csshw_lib::utils::windows::WindowsApi&gt;::is_window" signature="" complexity="0" line-rate="0" branch-rate="0">
                            <lines>
                                <line hits="0" number="789" branch="false"/>
                            </lines>
                        </method>
                        <method name="&lt;csshw_lib::utils::windows::DefaultWindowsApi as csshw_lib::utils::windows::WindowsApi&gt;::create_process_with_args" signature="" complexity="0" line-rate="0" branch-rate="0">
                            <lines>
                                <line hits="0" number="275" branch="false"/>
                            </lines>
                        </method>
                    </methods>
                    <lines>
                        <line branch="false" hits="0" number="275"/>
                        <line branch="false" hits="0" number="276"/>
                        <line branch="false" hits="0" number="277"/>
                        <line branch="false" hits="0" number="278"/>
                        <line branch="false" hits="0" number="279"/>
                        <line branch="false" hits="0" number="280"/>
                        <line branch="false" hits="0" number="281"/>
                        <line branch="false" hits="0" number="282"/>
                        <line branch="false" hits="0" number="283"/>
                        <line branch="false" hits="0" number="284"/>
                        <line branch="false" hits="0" number="285"/>
                        <line branch="false" hits="0" number="286"/>
                        <line branch="false" hits="0" number="287"/>
                        <line branch="false" hits="0" number="289"/>
                        <line branch="false" hits="0" number="290"/>
                        <line branch="false" hits="0" number="291"/>
                        <line branch="false" hits="0" number="292"/>
                        <line branch="false" hits="0" number="293"/>
                        <line branch="false" hits="0" number="294"/>
                        <line branch="false" hits="0" number="295"/>
                        <line branch="false" hits="0" number="296"/>
                        <line branch="false" hits="0" number="298"/>
                        <line branch="false" hits="0" number="510"/>
                        <line branch="false" hits="0" number="511"/>
                        <line branch="false" hits="0" number="512"/>
                        <line branch="false" hits="0" number="514"/>
                        <line branch="false" hits="0" number="515"/>
                        <line branch="false" hits="0" number="516"/>
                        <line branch="false" hits="0" number="518"/>
                        <line branch="false" hits="0" number="519"/>
                        <line branch="false" hits="0" number="520"/>
                        <line branch="false" hits="0" number="522"/>
                        <line branch="false" hits="0" number="523"/>
                        <line branch="false" hits="0" number="524"/>
                        <line branch="false" hits="0" number="525"/>
                        <line branch="false" hits="0" number="526"/>
                        <line branch="false" hits="0" number="527"/>
                        <line branch="false" hits="0" number="528"/>
                        <line branch="false" hits="0" number="529"/>
                        <line branch="false" hits="0" number="530"/>
                        <line branch="false" hits="0" number="532"/>
                        <line branch="false" hits="0" number="533"/>
                        <line branch="false" hits="0" number="534"/>
                        <line branch="false" hits="0" number="535"/>
                        <line branch="false" hits="0" number="536"/>
                        <line branch="false" hits="0" number="537"/>
                        <line branch="false" hits="0" number="539"/>
                        <line branch="false" hits="0" number="540"/>
                        <line branch="false" hits="0" number="541"/>
                        <line branch="false" hits="0" number="542"/>
                        <line branch="false" hits="0" number="543"/>
                        <line branch="false" hits="0" number="545"/>
                        <line branch="false" hits="0" number="546"/>
                        <line branch="false" hits="0" number="547"/>
                        <line branch="false" hits="0" number="548"/>
                        <line branch="false" hits="0" number="549"/>
                        <line branch="false" hits="0" number="550"/>
                        <line branch="false" hits="0" number="551"/>
                        <line branch="false" hits="0" number="553"/>
                        <line branch="false" hits="0" number="554"/>
                        <line branch="false" hits="0" number="555"/>
                        <line branch="false" hits="0" number="556"/>
                        <line branch="false" hits="0" number="557"/>
                        <line branch="false" hits="0" number="558"/>
                        <line branch="false" hits="0" number="559"/>
                        <line branch="false" hits="0" number="561"/>
                        <line branch="false" hits="0" number="562"/>
                        <line branch="false" hits="0" number="564"/>
                        <line branch="false" hits="0" number="565"/>
                        <line branch="false" hits="0" number="566"/>
                        <line branch="false" hits="0" number="567"/>
                        <line branch="false" hits="0" number="568"/>
                        <line branch="false" hits="0" number="569"/>
                        <line branch="false" hits="0" number="571"/>
                        <line branch="false" hits="0" number="572"/>
                        <line branch="false" hits="0" number="573"/>
                        <line branch="false" hits="0" number="574"/>
                        <line branch="false" hits="0" number="575"/>
                        <line branch="false" hits="0" number="576"/>
                        <line branch="false" hits="0" number="579"/>
                        <line branch="false" hits="0" number="581"/>
                        <line branch="false" hits="0" number="582"/>
                        <line branch="false" hits="0" number="583"/>
                        <line branch="false" hits="3" number="585"/>
                        <line branch="false" hits="3" number="586"/>
                        <line branch="false" hits="3" number="587"/>
                        <line branch="false" hits="0" number="589"/>
                        <line branch="false" hits="0" number="590"/>
                        <line branch="false" hits="0" number="592"/>
                        <line branch="false" hits="0" number="593"/>
                        <line branch="false" hits="0" number="594"/>
                        <line branch="false" hits="0" number="595"/>
                        <line branch="false" hits="0" number="596"/>
                        <line branch="false" hits="0" number="598"/>
                        <line branch="false" hits="0" number="599"/>
                        <line branch="false" hits="0" number="601"/>
                        <line branch="false" hits="0" number="603"/>
                        <line branch="false" hits="0" number="604"/>
                        <line branch="false" hits="0" number="606"/>
                        <line branch="false" hits="0" number="607"/>
                        <line branch="false" hits="0" number="610"/>
                        <line branch="false" hits="0" number="612"/>
                        <line branch="false" hits="0" number="613"/>
                        <line branch="false" hits="0" number="614"/>
                        <line branch="false" hits="0" number="615"/>
                        <line branch="false" hits="0" number="616"/>
                        <line branch="false" hits="0" number="618"/>
                        <line branch="false" hits="0" number="619"/>
                        <line branch="false" hits="0" number="620"/>
                        <line branch="false" hits="0" number="621"/>
                        <line branch="false" hits="0" number="622"/>
                        <line branch="false" hits="0" number="624"/>
                        <line branch="false" hits="0" number="625"/>
                        <line branch="false" hits="0" number="627"/>
                        <line branch="false" hits="0" number="628"/>
                        <line branch="false" hits="0" number="629"/>
                        <line branch="false" hits="0" number="631"/>
                        <line branch="false" hits="0" number="632"/>
                        <line branch="false" hits="0" number="633"/>
                        <line branch="false" hits="0" number="634"/>
                        <line branch="false" hits="0" number="635"/>
                        <line branch="false" hits="0" number="637"/>
                        <line branch="false" hits="0" number="639"/>
                        <line branch="false" hits="3" number="641"/>
                        <line branch="false" hits="3" number="642"/>
                        <line branch="false" hits="3" number="643"/>
                        <line branch="false" hits="3" number="645"/>
                        <line branch="false" hits="3" number="646"/>
                        <line branch="false" hits="3" number="647"/>
                        <line branch="false" hits="3" number="648"/>
                        <line branch="false" hits="3" number="649"/>
                        <line branch="false" hits="3" number="650"/>
                        <line branch="false" hits="0" number="651"/>
                        <line branch="false" hits="3" number="652"/>
                        <line branch="false" hits="0" number="654"/>
                        <line branch="false" hits="0" number="664"/>
                        <line branch="false" hits="0" number="665"/>
                        <line branch="false" hits="0" number="666"/>
                        <line branch="false" hits="0" number="667"/>
                        <line branch="false" hits="0" number="668"/>
                        <line branch="false" hits="0" number="669"/>
                        <line branch="false" hits="0" number="670"/>
                        <line branch="false" hits="0" number="672"/>
                        <line branch="false" hits="0" number="674"/>
                        <line branch="false" hits="0" number="675"/>
                        <line branch="false" hits="0" number="676"/>
                        <line branch="false" hits="0" number="677"/>
                        <line branch="false" hits="0" number="678"/>
                        <line branch="false" hits="0" number="680"/>
                        <line branch="false" hits="0" number="681"/>
                        <line branch="false" hits="0" number="682"/>
                        <line branch="false" hits="0" number="683"/>
                        <line branch="false" hits="0" number="684"/>
                        <line branch="false" hits="0" number="687"/>
                        <line branch="false" hits="0" number="688"/>
                        <line branch="false" hits="0" number="689"/>
                        <line branch="false" hits="0" number="690"/>
                        <line branch="false" hits="0" number="691"/>
                        <line branch="false" hits="0" number="692"/>
                        <line branch="false" hits="0" number="693"/>
                        <line branch="false" hits="0" number="694"/>
                        <line branch="false" hits="0" number="695"/>
                        <line branch="false" hits="0" number="697"/>
                        <line branch="false" hits="0" number="699"/>
                        <line branch="false" hits="0" number="700"/>
                        <line branch="false" hits="0" number="701"/>
                        <line branch="false" hits="0" number="702"/>
                        <line branch="false" hits="0" number="703"/>
                        <line branch="false" hits="0" number="704"/>
                        <line branch="false" hits="0" number="705"/>
                        <line branch="false" hits="0" number="707"/>
                        <line branch="false" hits="0" number="708"/>
                        <line branch="false" hits="0" number="709"/>
                        <line branch="false" hits="0" number="710"/>
                        <line branch="false" hits="0" number="711"/>
                        <line branch="false" hits="0" number="714"/>
                        <line branch="false" hits="0" number="715"/>
                        <line branch="false" hits="0" number="716"/>
                        <line branch="false" hits="0" number="717"/>
                        <line branch="false" hits="0" number="720"/>
                        <line branch="false" hits="0" number="722"/>
                        <line branch="false" hits="0" number="723"/>
                        <line branch="false" hits="0" number="724"/>
                        <line branch="false" hits="0" number="726"/>
                        <line branch="false" hits="0" number="727"/>
                        <line branch="false" hits="0" number="728"/>
                        <line branch="false" hits="0" number="730"/>
                        <line branch="false" hits="0" number="731"/>
                        <line branch="false" hits="0" number="732"/>
                        <line branch="false" hits="0" number="733"/>
                        <line branch="false" hits="0" number="735"/>
                        <line branch="false" hits="0" number="737"/>
                        <line branch="false" hits="0" number="739"/>
                        <line branch="false" hits="0" number="740"/>
                        <line branch="false" hits="0" number="741"/>
                        <line branch="false" hits="0" number="742"/>
                        <line branch="false" hits="0" number="743"/>
                        <line branch="false" hits="0" number="745"/>
                        <line branch="false" hits="0" number="746"/>
                        <line branch="false" hits="0" number="747"/>
                        <line branch="false" hits="0" number="749"/>
                        <line branch="false" hits="0" number="750"/>
                        <line branch="false" hits="0" number="751"/>
                        <line branch="false" hits="0" number="752"/>
                        <line branch="false" hits="0" number="753"/>
                        <line branch="false" hits="0" number="755"/>
                        <line branch="false" hits="0" number="756"/>
                        <line branch="false" hits="0" number="757"/>
                        <line branch="false" hits="0" number="758"/>
                        <line branch="false" hits="0" number="759"/>
                        <line branch="false" hits="0" number="760"/>
                        <line branch="false" hits="0" number="761"/>
                        <line branch="false" hits="0" number="762"/>
                        <line branch="false" hits="0" number="763"/>
                        <line branch="false" hits="0" number="764"/>
                        <line branch="false" hits="0" number="765"/>
                        <line branch="false" hits="0" number="767"/>
                        <line branch="false" hits="0" number="768"/>
                        <line branch="false" hits="0" number="769"/>
                        <line branch="false" hits="0" number="770"/>
                        <line branch="false" hits="0" number="771"/>
                        <line branch="false" hits="0" number="772"/>
                        <line branch="false" hits="0" number="773"/>
                        <line branch="false" hits="0" number="774"/>
                        <line branch="false" hits="0" number="776"/>
                        <line branch="false" hits="0" number="777"/>
                        <line branch="false" hits="0" number="778"/>
                        <line branch="false" hits="0" number="779"/>
                        <line branch="false" hits="0" number="781"/>
                        <line branch="false" hits="0" number="782"/>
                        <line branch="false" hits="0" number="783"/>
                        <line branch="false" hits="0" number="784"/>
                        <line branch="false" hits="0" number="785"/>
                        <line branch="false" hits="0" number="786"/>
                        <line branch="false" hits="0" number="787"/>
                        <line branch="false" hits="0" number="789"/>
                        <line branch="false" hits="0" number="790"/>
                        <line branch="false" hits="0" number="791"/>
                        <line branch="false" hits="0" number="793"/>
                        <line branch="false" hits="0" number="794"/>
                        <line branch="false" hits="0" number="795"/>
                        <line branch="false" hits="0" number="796"/>
                        <line branch="false" hits="0" number="797"/>
                        <line branch="false" hits="0" number="798"/>
                        <line branch="false" hits="0" number="799"/>
                        <line branch="false" hits="0" number="800"/>
                        <line branch="false" hits="0" number="802"/>
                        <line branch="false" hits="0" number="803"/>
                        <line branch="false" hits="0" number="804"/>
                        <line branch="false" hits="0" number="805"/>
                        <line branch="false" hits="0" number="806"/>
                        <line branch="false" hits="0" number="807"/>
                        <line branch="false" hits="0" number="808"/>
                        <line branch="false" hits="0" number="810"/>
                        <line branch="false" hits="0" number="812"/>
                        <line branch="false" hits="0" number="814"/>
                        <line branch="false" hits="0" number="815"/>
[...]
                        <line branch="false" hits="0" number="566"/>
                        <line branch="false" hits="0" number="567"/>
                        <line branch="false" hits="0" number="568"/>
                        <line branch="false" hits="0" number="569"/>
                        <line branch="false" hits="0" number="570"/>
                        <line branch="false" hits="0" number="571"/>
                        <line branch="false" hits="0" number="572"/>
                        <line branch="false" hits="0" number="573"/>
                        <line branch="false" hits="0" number="574"/>
                        <line branch="false" hits="0" number="585"/>
                        <line branch="false" hits="0" number="586"/>
                        <line branch="false" hits="0" number="587"/>
                        <line branch="false" hits="0" number="588"/>
                        <line branch="false" hits="0" number="589"/>
                        <line branch="false" hits="0" number="590"/>
                        <line branch="false" hits="6" number="605"/>
                        <line branch="false" hits="6" number="606"/>
                        <line branch="false" hits="19" number="608"/>
                        <line branch="false" hits="13" number="609"/>
                        <line branch="false" hits="27" number="610"/>
                        <line branch="false" hits="17" number="611"/>
                        <line branch="false" hits="3" number="612"/>
                        <line branch="false" hits="3" number="613"/>
                        <line branch="false" hits="6" number="614"/>
                        <line branch="false" hits="3" number="615"/>
                        <line branch="false" hits="3" number="617"/>
                        <line branch="false" hits="14" number="618"/>
                        <line branch="false" hits="13" number="620"/>
                        <line branch="false" hits="10" number="621"/>
                        <line branch="false" hits="10" number="622"/>
                        <line branch="false" hits="6" number="624"/>
                        <line branch="false" hits="6" number="625"/>
                        <line branch="false" hits="0" number="650"/>
                        <line branch="false" hits="0" number="651"/>
                        <line branch="false" hits="0" number="652"/>
                        <line branch="false" hits="0" number="653"/>
                        <line branch="false" hits="0" number="654"/>
                        <line branch="false" hits="0" number="655"/>
                        <line branch="false" hits="0" number="656"/>
                        <line branch="false" hits="0" number="657"/>
                        <line branch="false" hits="0" number="658"/>
                        <line branch="false" hits="0" number="659"/>
                        <line branch="false" hits="0" number="660"/>
                        <line branch="false" hits="0" number="661"/>
                        <line branch="false" hits="0" number="662"/>
                        <line branch="false" hits="0" number="663"/>
                        <line branch="false" hits="0" number="664"/>
                        <line branch="false" hits="0" number="665"/>
                        <line branch="false" hits="0" number="666"/>
                        <line branch="false" hits="0" number="667"/>
                        <line branch="false" hits="0" number="668"/>
                        <line branch="false" hits="0" number="669"/>
                        <line branch="false" hits="0" number="670"/>
                        <line branch="false" hits="0" number="671"/>
                        <line branch="false" hits="0" number="672"/>
                        <line branch="false" hits="0" number="673"/>
                        <line branch="false" hits="0" number="674"/>
                        <line branch="false" hits="0" number="675"/>
                        <line branch="false" hits="0" number="676"/>
                        <line branch="false" hits="0" number="677"/>
                        <line branch="false" hits="0" number="678"/>
                        <line branch="false" hits="0" number="679"/>
                        <line branch="false" hits="0" number="680"/>
                        <line branch="false" hits="0" number="681"/>
                        <line branch="false" hits="0" number="682"/>
                        <line branch="false" hits="0" number="683"/>
                        <line branch="false" hits="0" number="684"/>
                        <line branch="false" hits="0" number="685"/>
                        <line branch="false" hits="0" number="686"/>
                        <line branch="false" hits="0" number="687"/>
                        <line branch="false" hits="0" number="688"/>
                        <line branch="false" hits="0" number="690"/>
                        <line branch="false" hits="0" number="691"/>
                        <line branch="false" hits="0" number="694"/>
                        <line branch="false" hits="0" number="695"/>
                        <line branch="false" hits="0" number="720"/>
                        <line branch="false" hits="0" number="721"/>
                        <line branch="false" hits="0" number="722"/>
                        <line branch="false" hits="0" number="723"/>
                        <line branch="false" hits="0" number="724"/>
                        <line branch="false" hits="0" number="725"/>
                        <line branch="false" hits="0" number="726"/>
                        <line branch="false" hits="0" number="727"/>
                        <line branch="false" hits="0" number="728"/>
                        <line branch="false" hits="0" number="729"/>
                        <line branch="false" hits="0" number="732"/>
                        <line branch="false" hits="0" number="733"/>
                        <line branch="false" hits="0" number="734"/>
                        <line branch="false" hits="0" number="735"/>
                        <line branch="false" hits="0" number="736"/>
                        <line branch="false" hits="0" number="737"/>
                        <line branch="false" hits="0" number="738"/>
                        <line branch="false" hits="0" number="739"/>
                        <line branch="false" hits="0" number="740"/>
                        <line branch="false" hits="0" number="741"/>
                        <line branch="false" hits="0" number="742"/>
                        <line branch="false" hits="0" number="743"/>
                        <line branch="false" hits="0" number="744"/>
                        <line branch="false" hits="0" number="745"/>
                        <line branch="false" hits="0" number="746"/>
                        <line branch="false" hits="0" number="747"/>
                        <line branch="false" hits="0" number="748"/>
                        <line branch="false" hits="0" number="749"/>
                        <line branch="false" hits="0" number="751"/>
                        <line branch="false" hits="0" number="752"/>
                        <line branch="false" hits="0" number="753"/>
                        <line branch="false" hits="0" number="754"/>
                        <line branch="false" hits="0" number="756"/>
                        <line branch="false" hits="0" number="757"/>
                        <line branch="false" hits="0" number="758"/>
                        <line branch="false" hits="0" number="759"/>
                        <line branch="false" hits="0" number="760"/>
                        <line branch="false" hits="0" number="761"/>
                        <line branch="false" hits="0" number="762"/>
                        <line branch="false" hits="0" number="767"/>
                        <line branch="false" hits="0" number="768"/>
                        <line branch="false" hits="0" number="769"/>
                        <line branch="false" hits="0" number="770"/>
                        <line branch="false" hits="0" number="771"/>
                        <line branch="false" hits="0" number="772"/>
                        <line branch="false" hits="0" number="774"/>
                        <line branch="false" hits="0" number="775"/>
                        <line branch="false" hits="2" number="793"/>
                        <line branch="false" hits="2" number="794"/>
                        <line branch="false" hits="2" number="795"/>
                        <line branch="false" hits="2" number="796"/>
                        <line branch="false" hits="2" number="798"/>
                        <line branch="false" hits="0" number="799"/>
                        <line branch="false" hits="0" number="800"/>
                        <line branch="false" hits="11" number="803"/>
                        <line branch="false" hits="8" number="804"/>
                        <line branch="false" hits="2" number="806"/>
                        <line branch="false" hits="2" number="808"/>
                        <line branch="false" hits="2" number="809"/>
                        <line branch="false" hits="0" number="810"/>
                        <line branch="false" hits="0" number="812"/>
                        <line branch="false" hits="0" number="813"/>
                        <line branch="false" hits="0" number="816"/>
                        <line branch="false" hits="1" number="820"/>
                        <line branch="false" hits="1" number="821"/>
                        <line branch="false" hits="1" number="822"/>
                        <line branch="false" hits="14" number="826"/>
                        <line branch="false" hits="0" number="827"/>
                        <line branch="false" hits="0" number="828"/>
                        <line branch="false" hits="14" number="830"/>
                        <line branch="false" hits="7" number="832"/>
                        <line branch="false" hits="7" number="833"/>
                        <line branch="false" hits="0" number="835"/>
                        <line branch="false" hits="0" number="837"/>
                        <line branch="false" hits="0" number="838"/>
                        <line branch="false" hits="0" number="841"/>
                        <line branch="false" hits="7" number="843"/>
                        <line branch="false" hits="6" number="845"/>
                        <line branch="false" hits="6" number="846"/>
                        <line branch="false" hits="1" number="851"/>
                        <line branch="false" hits="0" number="852"/>
                        <line branch="false" hits="1" number="855"/>
                        <line branch="false" hits="1" number="860"/>
                        <line branch="false" hits="0" number="873"/>
                        <line branch="false" hits="0" number="874"/>
                        <line branch="false" hits="0" number="875"/>
                        <line branch="false" hits="0" number="876"/>
                        <line branch="false" hits="0" number="877"/>
                        <line branch="false" hits="0" number="878"/>
                        <line branch="false" hits="0" number="879"/>
                        <line branch="false" hits="0" number="880"/>
                        <line branch="false" hits="0" number="881"/>
                        <line branch="false" hits="0" number="882"/>
                        <line branch="false" hits="0" number="883"/>
                        <line branch="false" hits="0" number="884"/>
                        <line branch="false" hits="0" number="885"/>
                        <line branch="false" hits="0" number="890"/>
                        <line branch="false" hits="0" number="891"/>
                        <line branch="false" hits="0" number="892"/>
                        <line branch="false" hits="0" number="893"/>
                        <line branch="false" hits="0" number="894"/>
                        <line branch="false" hits="0" number="896"/>
                        <line branch="false" hits="0" number="897"/>
                        <line branch="false" hits="0" number="898"/>
                        <line branch="false" hits="0" number="899"/>
                        <line branch="false" hits="0" number="900"/>
                        <line branch="false" hits="0" number="902"/>
                        <line branch="false" hits="0" number="922"/>
                        <line branch="false" hits="0" number="923"/>
                        <line branch="false" hits="0" number="924"/>
                        <line branch="false" hits="0" number="925"/>
                        <line branch="false" hits="0" number="926"/>
                        <line branch="false" hits="0" number="927"/>
                        <line branch="false" hits="0" number="928"/>
                        <line branch="false" hits="0" number="929"/>
                        <line branch="false" hits="0" number="930"/>
                        <line branch="false" hits="0" number="931"/>
                        <line branch="false" hits="0" number="932"/>
                        <line branch="false" hits="0" number="934"/>
                        <line branch="false" hits="0" number="935"/>
                        <line branch="false" hits="0" number="938"/>
                        <line branch="false" hits="0" number="939"/>
                        <line branch="false" hits="0" number="943"/>
                        <line branch="false" hits="0" number="944"/>
                        <line branch="false" hits="0" number="946"/>
                        <line branch="false" hits="0" number="947"/>
                        <line branch="false" hits="0" number="949"/>
                        <line branch="false" hits="0" number="950"/>
                        <line branch="false" hits="0" number="951"/>
                        <line branch="false" hits="0" number="952"/>
                        <line branch="false" hits="0" number="954"/>
                        <line branch="false" hits="0" number="957"/>
                        <line branch="false" hits="0" number="958"/>
                        <line branch="false" hits="0" number="961"/>
                        <line branch="false" hits="0" number="962"/>
                        <line branch="false" hits="0" number="963"/>
                        <line branch="false" hits="0" number="965"/>
                        <line branch="false" hits="0" number="966"/>
                        <line branch="false" hits="0" number="967"/>
                        <line branch="false" hits="0" number="968"/>
                        <line branch="false" hits="0" number="970"/>
                        <line branch="false" hits="0" number="971"/>
                        <line branch="false" hits="0" number="992"/>
                        <line branch="false" hits="0" number="993"/>
                        <line branch="false" hits="0" number="994"/>
                        <line branch="false" hits="0" number="995"/>
                        <line branch="false" hits="0" number="996"/>
                        <line branch="false" hits="0" number="997"/>
                        <line branch="false" hits="0" number="998"/>
                        <line branch="false" hits="0" number="999"/>
                        <line branch="false" hits="0" number="1000"/>
                        <line branch="false" hits="0" number="1001"/>
                        <line branch="false" hits="0" number="1002"/>
                        <line branch="false" hits="0" number="1003"/>
                        <line branch="false" hits="0" number="1004"/>
                        <line branch="false" hits="0" number="1005"/>
                        <line branch="false" hits="0" number="1006"/>
                        <line branch="false" hits="0" number="1007"/>
                        <line branch="false" hits="0" number="1008"/>
                        <line branch="false" hits="0" number="1024"/>
                        <line branch="false" hits="0" number="1025"/>
                        <line branch="false" hits="0" number="1026"/>
                        <line branch="false" hits="0" number="1027"/>
                        <line branch="false" hits="0" number="1029"/>
                        <line branch="false" hits="0" number="1030"/>
                        <line branch="false" hits="0" number="1031"/>
                        <line branch="false" hits="0" number="1032"/>
                        <line branch="false" hits="0" number="1033"/>
                        <line branch="false" hits="0" number="1034"/>
                        <line branch="false" hits="0" number="1035"/>
                        <line branch="false" hits="0" number="1036"/>
                        <line branch="false" hits="0" number="1037"/>
                        <line branch="false" hits="0" number="1038"/>
                        <line branch="false" hits="0" number="1039"/>
                        <line branch="false" hits="0" number="1040"/>
                        <line branch="false" hits="0" number="1041"/>
                        <line branch="false" hits="0" number="1042"/>
                        <line branch="false" hits="0" number="1045"/>
                        <line branch="false" hits="0" number="1060"/>
                        <line branch="false" hits="0" number="1061"/>
                        <line branch="false" hits="0" number="1062"/>
                        <line branch="false" hits="0" number="1063"/>
                        <line branch="false" hits="0" number="1064"/>
                        <line branch="false" hits="0" number="1065"/>
                        <line branch="false" hits="0" number="1066"/>
                        <line branch="false" hits="0" number="1067"/>
                        <line branch="false" hits="0" number="1069"/>
                        <line branch="false" hits="0" number="1073"/>
                        <line branch="false" hits="0" number="1074"/>
                        <line branch="false" hits="0" number="1075"/>
                        <line branch="false" hits="0" number="1077"/>
                        <line branch="false" hits="0" number="1079"/>
                        <line branch="false" hits="0" number="1101"/>
                        <line branch="false" hits="0" number="1102"/>
                        <line branch="false" hits="0" number="1103"/>
                        <line branch="false" hits="0" number="1104"/>
                        <line branch="false" hits="0" number="1105"/>
                        <line branch="false" hits="0" number="1106"/>
                        <line branch="false" hits="0" number="1107"/>
                        <line branch="false" hits="0" number="1108"/>
                        <line branch="false" hits="0" number="1109"/>
                        <line branch="false" hits="0" number="1110"/>
                        <line branch="false" hits="0" number="1111"/>
                        <line branch="false" hits="0" number="1112"/>
                        <line branch="false" hits="0" number="1113"/>
                        <line branch="false" hits="0" number="1114"/>
                        <line branch="false" hits="0" number="1115"/>
                        <line branch="false" hits="0" number="1116"/>
                        <line branch="false" hits="0" number="1117"/>
                        <line branch="false" hits="0" number="1118"/>
                        <line branch="false" hits="0" number="1119"/>
                        <line branch="false" hits="0" number="1120"/>
                    </lines>
                </class>
            </classes>
        </package>
    </packages>
</coverage>